<?xml version="1.0" encoding="UTF-8" standalone="no"?>
<?xml-stylesheet type="text/xsl" href="../../jgenhtml.xsl"?><coverage branch-rate="NaN" branches-covered="0" branches-valid="0" complexity="0" date="2026-05-01" filename="_helpers.dart" function-rate="NaN" functions-covered="0" functions-valid="0" line-rate="0.75" lines-covered="9" lines-valid="12" package="/lib/src" testname="lcov.info" version="1.5">
    <lines>
        <line>
            <code>import 'type_exception.dart';</code>
        </line>
        <line>
            <code>import 'uint.dart';</code>
        </line>
        <line>
            <code/>
        </line>
        <line hits="3">
            <code>final mask64 = BigInt.parse('0xFFFFFFFFFFFFFFFF');</code>
            <hit count="3" name="&lt;unnamed&gt;"/>
        </line>
        <line>
            <code>const mask32 = 0xFFFFFFFF;</code>
        </line>
        <line>
            <code/>
        </line>
        <line hits="2">
            <code>int clamp32(int n) =&gt; n &amp; mask32;</code>
            <hit count="2" name="&lt;unnamed&gt;"/>
        </line>
        <line>
            <code/>
        </line>
        <line hits="1">
            <code>BigInt clamp64(BigInt n) =&gt;</code>
            <hit count="1" name="&lt;unnamed&gt;"/>
        </line>
        <line hits="6">
            <code>    (BigInt.zero &lt;= n &amp;&amp; n &lt;= mask64) ? n : (n &amp; mask64);</code>
            <hit count="6" name="&lt;unnamed&gt;"/>
        </line>
        <line>
            <code/>
        </line>
        <line hits="2">
            <code>BigInt toBigInt(Object? value) =&gt; clamp64(switch (value) {</code>
            <hit count="2" name="&lt;unnamed&gt;"/>
        </line>
        <line hits="1">
            <code>      BigInt() =&gt; value,</code>
            <hit count="1" name="&lt;unnamed&gt;"/>
        </line>
        <line hits="1">
            <code>      IUint64() =&gt; value.value,</code>
            <hit count="1" name="&lt;unnamed&gt;"/>
        </line>
        <line hits="2">
            <code>      String() =&gt; BigInt.parse(value),</code>
            <hit count="2" name="&lt;unnamed&gt;"/>
        </line>
        <line hits="2">
            <code>      num() =&gt; BigInt.from(value),</code>
            <hit count="2" name="&lt;unnamed&gt;"/>
        </line>
        <line hits="0">
            <code>      _ =&gt; throw TypeException('Cannot handle ${value.runtimeType}')</code>
        </line>
        <line>
            <code>    });</code>
        </line>
        <line>
            <code/>
        </line>
        <line hits="0">
            <code>Never unsupported64bit() =&gt;</code>
        </line>
        <line hits="0">
            <code>    throw Exception('Native 64-bit int is not supported on this platform.');</code>
        </line>
        <line>
            <code/>
        </line>
        <line>
            <code>const $vmOrWasm =</code>
        </line>
        <line>
            <code>    bool.fromEnvironment('dart.library.io', defaultValue: false) ||</code>
        </line>
        <line>
            <code>        bool.fromEnvironment('dart.tool.dart2wasm', defaultValue: false);</code>
        </line>
    </lines>
    <config branch-coverage="true" description-file="false" function-coverage="true" genhtml_hi_limit="90" genhtml_med_limit="75" legend="false" no-sort="false" no-source="false"/>
    <base href="../../"/>
    <base href="../../"/>
</coverage>
