<?xml version="1.0" encoding="UTF-8" standalone="no"?>
<?xml-stylesheet type="text/xsl" href="../../jgenhtml.xsl"?><coverage branch-rate="NaN" branches-covered="0" branches-valid="0" complexity="0" date="2023-01-01" filename="_murmur_context_3f.dart" function-rate="NaN" functions-covered="0" functions-valid="0" line-rate="1.0" lines-covered="69" lines-valid="69" package="/lib/src" testname="lcov.info" version="1.5">
    <lines>
        <line>
            <code>part of '_murmur_context.dart';</code>
        </line>
        <line>
            <code/>
        </line>
        <line>
            <code>// ignore: camel_case_types</code>
        </line>
        <line>
            <code>class MurmurContext3f extends MurmurContext&lt;BigInt&gt; {</code>
        </line>
        <line hits="3">
            <code>  MurmurContext3f(this._uint64, int seed) : super(16) {</code>
            <hit count="3" name="&lt;unnamed&gt;"/>
        </line>
        <line hits="4">
            <code>    _hash1 = _uint64(seed);</code>
            <hit count="4" name="&lt;unnamed&gt;"/>
        </line>
        <line hits="4">
            <code>    _hash2 = _uint64(seed);</code>
            <hit count="4" name="&lt;unnamed&gt;"/>
        </line>
        <line>
            <code>  }</code>
        </line>
        <line>
            <code/>
        </line>
        <line hits="1">
            <code>  @override</code>
            <hit count="1" name="&lt;unnamed&gt;"/>
        </line>
        <line hits="8">
            <code>  BigInt getHash() =&gt; (_hash1.value &lt;&lt; 64) | _hash2.value;</code>
            <hit count="8" name="&lt;unnamed&gt;"/>
        </line>
        <line>
            <code/>
        </line>
        <line hits="2">
            <code>  late final IUint64 _hash1;</code>
            <hit count="2" name="&lt;unnamed&gt;"/>
        </line>
        <line hits="2">
            <code>  late final IUint64 _hash2;</code>
            <hit count="2" name="&lt;unnamed&gt;"/>
        </line>
        <line hits="5">
            <code>  late final IUint64 _k1 = _uint64(0);</code>
            <hit count="5" name="&lt;unnamed&gt;"/>
        </line>
        <line hits="5">
            <code>  late final IUint64 _k2 = _uint64(0);</code>
            <hit count="5" name="&lt;unnamed&gt;"/>
        </line>
        <line>
            <code/>
        </line>
        <line>
            <code>  final IUint64 Function(dynamic num) _uint64;</code>
        </line>
        <line>
            <code/>
        </line>
        <line hits="5">
            <code>  late final _c1 = _uint64('0x87C37B91114253D5');</code>
            <hit count="5" name="&lt;unnamed&gt;"/>
        </line>
        <line hits="5">
            <code>  late final _c2 = _uint64('0x4CF5AD432745937F');</code>
            <hit count="5" name="&lt;unnamed&gt;"/>
        </line>
        <line hits="5">
            <code>  late final _c3 = _uint64(0x52DCE729);</code>
            <hit count="5" name="&lt;unnamed&gt;"/>
        </line>
        <line hits="5">
            <code>  late final _c4 = _uint64(0x38495AB5);</code>
            <hit count="5" name="&lt;unnamed&gt;"/>
        </line>
        <line hits="5">
            <code>  late final _c5 = _uint64('0xFF51AFD7ED558CCD');</code>
            <hit count="5" name="&lt;unnamed&gt;"/>
        </line>
        <line hits="5">
            <code>  late final _c6 = _uint64('0xC4CEB9FE1A85EC53');</code>
            <hit count="5" name="&lt;unnamed&gt;"/>
        </line>
        <line>
            <code/>
        </line>
        <line hits="5">
            <code>  late final _five = _uint64(5);</code>
            <hit count="5" name="&lt;unnamed&gt;"/>
        </line>
        <line>
            <code/>
        </line>
        <line hits="1">
            <code>  @override</code>
            <hit count="1" name="&lt;unnamed&gt;"/>
        </line>
        <line>
            <code>  int _loadBlock(List&lt;int&gt; bytes, int offset) {</code>
        </line>
        <line>
            <code>    var count = 0;</code>
        </line>
        <line hits="4">
            <code>    if (_pending &lt; 8) {</code>
            <hit count="4" name="&lt;unnamed&gt;"/>
        </line>
        <line hits="6">
            <code>      count += _k1.loadLEBytes(bytes, offset, fromByte: _pending);</code>
            <hit count="6" name="&lt;unnamed&gt;"/>
        </line>
        <line hits="8">
            <code>      count += _k2.loadLEBytes(bytes, offset + 8 - _pending);</code>
            <hit count="8" name="&lt;unnamed&gt;"/>
        </line>
        <line>
            <code>    } else {</code>
        </line>
        <line hits="6">
            <code>      count += _k2.loadLEBytes(bytes, offset, fromByte: _pending - 8);</code>
            <hit count="6" name="&lt;unnamed&gt;"/>
        </line>
        <line>
            <code>    }</code>
        </line>
        <line>
            <code>    return count;</code>
        </line>
        <line>
            <code>  }</code>
        </line>
        <line>
            <code/>
        </line>
        <line hits="1">
            <code>  @override</code>
            <hit count="1" name="&lt;unnamed&gt;"/>
        </line>
        <line>
            <code>  void _processBlock() {</code>
        </line>
        <line hits="3">
            <code>    _k1</code>
            <hit count="3" name="&lt;unnamed&gt;"/>
        </line>
        <line hits="4">
            <code>      ..mul(_c1)</code>
            <hit count="4" name="&lt;unnamed&gt;"/>
        </line>
        <line hits="1">
            <code>      ..rotl(31)</code>
            <hit count="1" name="&lt;unnamed&gt;"/>
        </line>
        <line hits="4">
            <code>      ..mul(_c2);</code>
            <hit count="4" name="&lt;unnamed&gt;"/>
        </line>
        <line hits="3">
            <code>    _hash1</code>
            <hit count="3" name="&lt;unnamed&gt;"/>
        </line>
        <line hits="4">
            <code>      ..xor(_k1)</code>
            <hit count="4" name="&lt;unnamed&gt;"/>
        </line>
        <line hits="1">
            <code>      ..rotl(27)</code>
            <hit count="1" name="&lt;unnamed&gt;"/>
        </line>
        <line hits="2">
            <code>      ..add(_hash2)</code>
            <hit count="2" name="&lt;unnamed&gt;"/>
        </line>
        <line hits="4">
            <code>      ..mul(_five)</code>
            <hit count="4" name="&lt;unnamed&gt;"/>
        </line>
        <line hits="2">
            <code>      ..add(_c3);</code>
            <hit count="2" name="&lt;unnamed&gt;"/>
        </line>
        <line>
            <code/>
        </line>
        <line hits="3">
            <code>    _k2</code>
            <hit count="3" name="&lt;unnamed&gt;"/>
        </line>
        <line hits="4">
            <code>      ..mul(_c2)</code>
            <hit count="4" name="&lt;unnamed&gt;"/>
        </line>
        <line hits="1">
            <code>      ..rotl(33)</code>
            <hit count="1" name="&lt;unnamed&gt;"/>
        </line>
        <line hits="4">
            <code>      ..mul(_c1);</code>
            <hit count="4" name="&lt;unnamed&gt;"/>
        </line>
        <line hits="3">
            <code>    _hash2</code>
            <hit count="3" name="&lt;unnamed&gt;"/>
        </line>
        <line hits="4">
            <code>      ..xor(_k2)</code>
            <hit count="4" name="&lt;unnamed&gt;"/>
        </line>
        <line hits="1">
            <code>      ..rotl(31)</code>
            <hit count="1" name="&lt;unnamed&gt;"/>
        </line>
        <line hits="2">
            <code>      ..add(_hash1)</code>
            <hit count="2" name="&lt;unnamed&gt;"/>
        </line>
        <line hits="4">
            <code>      ..mul(_five)</code>
            <hit count="4" name="&lt;unnamed&gt;"/>
        </line>
        <line hits="2">
            <code>      ..add(_c4);</code>
            <hit count="2" name="&lt;unnamed&gt;"/>
        </line>
        <line>
            <code>  }</code>
        </line>
        <line>
            <code/>
        </line>
        <line hits="1">
            <code>  @override</code>
            <hit count="1" name="&lt;unnamed&gt;"/>
        </line>
        <line>
            <code>  void _processTail() {</code>
        </line>
        <line hits="3">
            <code>    _k2</code>
            <hit count="3" name="&lt;unnamed&gt;"/>
        </line>
        <line hits="4">
            <code>      ..mul(_c2)</code>
            <hit count="4" name="&lt;unnamed&gt;"/>
        </line>
        <line hits="1">
            <code>      ..rotl(33)</code>
            <hit count="1" name="&lt;unnamed&gt;"/>
        </line>
        <line hits="4">
            <code>      ..mul(_c1);</code>
            <hit count="4" name="&lt;unnamed&gt;"/>
        </line>
        <line hits="5">
            <code>    _hash2.xor(_k2);</code>
            <hit count="5" name="&lt;unnamed&gt;"/>
        </line>
        <line>
            <code/>
        </line>
        <line hits="3">
            <code>    _k1</code>
            <hit count="3" name="&lt;unnamed&gt;"/>
        </line>
        <line hits="4">
            <code>      ..mul(_c1)</code>
            <hit count="4" name="&lt;unnamed&gt;"/>
        </line>
        <line hits="1">
            <code>      ..rotl(31)</code>
            <hit count="1" name="&lt;unnamed&gt;"/>
        </line>
        <line hits="4">
            <code>      ..mul(_c2);</code>
            <hit count="4" name="&lt;unnamed&gt;"/>
        </line>
        <line hits="5">
            <code>    _hash1.xor(_k1);</code>
            <hit count="5" name="&lt;unnamed&gt;"/>
        </line>
        <line>
            <code>  }</code>
        </line>
        <line>
            <code/>
        </line>
        <line hits="1">
            <code>  @override</code>
            <hit count="1" name="&lt;unnamed&gt;"/>
        </line>
        <line>
            <code>  void _finalize() {</code>
        </line>
        <line hits="5">
            <code>    final l = _uint64(_length);</code>
            <hit count="5" name="&lt;unnamed&gt;"/>
        </line>
        <line hits="4">
            <code>    _hash1.xor(l);</code>
            <hit count="4" name="&lt;unnamed&gt;"/>
        </line>
        <line hits="4">
            <code>    _hash2.xor(l);</code>
            <hit count="4" name="&lt;unnamed&gt;"/>
        </line>
        <line hits="5">
            <code>    _hash1.add(_hash2);</code>
            <hit count="5" name="&lt;unnamed&gt;"/>
        </line>
        <line hits="5">
            <code>    _hash2.add(_hash1);</code>
            <hit count="5" name="&lt;unnamed&gt;"/>
        </line>
        <line hits="4">
            <code>    _mix(_hash1);</code>
            <hit count="4" name="&lt;unnamed&gt;"/>
        </line>
        <line hits="4">
            <code>    _mix(_hash2);</code>
            <hit count="4" name="&lt;unnamed&gt;"/>
        </line>
        <line hits="5">
            <code>    _hash1.add(_hash2);</code>
            <hit count="5" name="&lt;unnamed&gt;"/>
        </line>
        <line hits="5">
            <code>    _hash2.add(_hash1);</code>
            <hit count="5" name="&lt;unnamed&gt;"/>
        </line>
        <line>
            <code>  }</code>
        </line>
        <line>
            <code/>
        </line>
        <line hits="3">
            <code>  void _mix(IUint64 hash) =&gt; hash</code>
            <hit count="3" name="&lt;unnamed&gt;"/>
        </line>
        <line hits="1">
            <code>    ..xshr(33)</code>
            <hit count="1" name="&lt;unnamed&gt;"/>
        </line>
        <line hits="2">
            <code>    ..mul(_c5)</code>
            <hit count="2" name="&lt;unnamed&gt;"/>
        </line>
        <line hits="1">
            <code>    ..xshr(33)</code>
            <hit count="1" name="&lt;unnamed&gt;"/>
        </line>
        <line hits="2">
            <code>    ..mul(_c6)</code>
            <hit count="2" name="&lt;unnamed&gt;"/>
        </line>
        <line hits="3">
            <code>    ..xshr(33);</code>
            <hit count="3" name="&lt;unnamed&gt;"/>
        </line>
        <line>
            <code>}</code>
        </line>
    </lines>
    <config branch-coverage="true" description-file="false" function-coverage="true" genhtml_hi_limit="90" genhtml_med_limit="75" legend="false" no-sort="false" no-source="false"/>
    <base href="../../"/>
    <base href="../../"/>
</coverage>
