<?xml version="1.0" encoding="UTF-8" standalone="no"?>
<?xml-stylesheet type="text/xsl" href="../../jgenhtml.xsl"?><coverage branch-rate="NaN" branches-covered="0" branches-valid="0" complexity="0" date="2026-05-01" filename="_murmur_context.dart" function-rate="NaN" functions-covered="0" functions-valid="0" line-rate="0.90789473" lines-covered="69" lines-valid="76" package="/lib/src" testname="lcov.info" version="1.5">
    <lines>
        <line>
            <code>import 'dart:async';</code>
        </line>
        <line>
            <code>import 'dart:convert';</code>
        </line>
        <line>
            <code>import 'dart:typed_data';</code>
        </line>
        <line>
            <code/>
        </line>
        <line>
            <code>import 'type_exception.dart';</code>
        </line>
        <line>
            <code>import 'uint.dart';</code>
        </line>
        <line>
            <code/>
        </line>
        <line>
            <code>part '_murmur_context_3a.dart';</code>
        </line>
        <line>
            <code>part '_murmur_context_3f.dart';</code>
        </line>
        <line>
            <code/>
        </line>
        <line>
            <code>abstract class MurmurContext&lt;T&gt; {</code>
        </line>
        <line>
            <code>  /// Creates a new Murmur3 context.</code>
        </line>
        <line hits="2">
            <code>  MurmurContext(this.blockSize);</code>
            <hit count="2" name="&lt;unnamed&gt;"/>
        </line>
        <line>
            <code/>
        </line>
        <line>
            <code>  /// The block size for this murmur3 context.</code>
        </line>
        <line>
            <code>  final int blockSize;</code>
        </line>
        <line>
            <code/>
        </line>
        <line>
            <code>  /// The total length processed, in bytes.</code>
        </line>
        <line>
            <code>  int _length = 0;</code>
        </line>
        <line>
            <code/>
        </line>
        <line>
            <code>  /// Returns the number of pending bytes.</code>
        </line>
        <line>
            <code>  int _pending = 0;</code>
        </line>
        <line>
            <code/>
        </line>
        <line>
            <code>  /// The hash value.</code>
        </line>
        <line>
            <code>  T getHash();</code>
        </line>
        <line>
            <code/>
        </line>
        <line>
            <code>  /// Loads a block. Returns the number of bytes used.</code>
        </line>
        <line>
            <code>  int _loadBlock(ByteData bytes, int offset);</code>
        </line>
        <line>
            <code/>
        </line>
        <line>
            <code>  /// Processes a block.</code>
        </line>
        <line>
            <code>  void _processBlock();</code>
        </line>
        <line>
            <code/>
        </line>
        <line>
            <code>  /// Processes the tail if any (remaining bytes).</code>
        </line>
        <line>
            <code>  void _processTail();</code>
        </line>
        <line>
            <code/>
        </line>
        <line>
            <code>  /// Finalizes the hash computation.</code>
        </line>
        <line>
            <code>  void _finalize();</code>
        </line>
        <line>
            <code/>
        </line>
        <line>
            <code>  Completer&lt;T&gt;? _completer;</code>
        </line>
        <line>
            <code/>
        </line>
        <line>
            <code>  /// Synchronously process the data and returns the hash value.</code>
        </line>
        <line hits="2">
            <code>  T hash(Object? data) {</code>
            <hit count="2" name="&lt;unnamed&gt;"/>
        </line>
        <line hits="2">
            <code>    if (_completer != null) {</code>
            <hit count="2" name="&lt;unnamed&gt;"/>
        </line>
        <line hits="0">
            <code>      throw UnsupportedError('Cannot hash data in parallel.');</code>
        </line>
        <line>
            <code>    }</code>
        </line>
        <line>
            <code/>
        </line>
        <line hits="2">
            <code>    _pending = 0;</code>
            <hit count="2" name="&lt;unnamed&gt;"/>
        </line>
        <line hits="2">
            <code>    _length = 0;</code>
            <hit count="2" name="&lt;unnamed&gt;"/>
        </line>
        <line>
            <code/>
        </line>
        <line hits="2">
            <code>    _handleBody(data);</code>
            <hit count="2" name="&lt;unnamed&gt;"/>
        </line>
        <line hits="2">
            <code>    _handleTailAndFinalize();</code>
            <hit count="2" name="&lt;unnamed&gt;"/>
        </line>
        <line>
            <code/>
        </line>
        <line hits="2">
            <code>    return getHash();</code>
            <hit count="2" name="&lt;unnamed&gt;"/>
        </line>
        <line>
            <code>  }</code>
        </line>
        <line>
            <code/>
        </line>
        <line>
            <code>  /// Process the data as a [Stream] and returns the hash value.</code>
        </line>
        <line hits="2">
            <code>  Future&lt;T&gt; hashStream(Stream&lt;Object?&gt; data) {</code>
            <hit count="2" name="&lt;unnamed&gt;"/>
        </line>
        <line hits="2">
            <code>    if (_completer != null) {</code>
            <hit count="2" name="&lt;unnamed&gt;"/>
        </line>
        <line hits="0">
            <code>      throw UnsupportedError('Cannot hash data in parallel.');</code>
        </line>
        <line>
            <code>    }</code>
        </line>
        <line hits="4">
            <code>    final completer = _completer = Completer&lt;T&gt;();</code>
            <hit count="4" name="&lt;unnamed&gt;"/>
        </line>
        <line>
            <code/>
        </line>
        <line hits="2">
            <code>    void $handleBody(Object? input) {</code>
            <hit count="2" name="&lt;unnamed&gt;"/>
        </line>
        <line>
            <code>      try {</code>
        </line>
        <line hits="2">
            <code>        _handleBody(input);</code>
            <hit count="2" name="&lt;unnamed&gt;"/>
        </line>
        <line>
            <code>      } catch (e, st) {</code>
        </line>
        <line hits="2">
            <code>        completer.completeError(e, st);</code>
            <hit count="2" name="&lt;unnamed&gt;"/>
        </line>
        <line>
            <code>      }</code>
        </line>
        <line>
            <code>    }</code>
        </line>
        <line>
            <code/>
        </line>
        <line hits="2">
            <code>    void $handleTailAndFinalize() {</code>
            <hit count="2" name="&lt;unnamed&gt;"/>
        </line>
        <line>
            <code>      try {</code>
        </line>
        <line>
            <code>        // process tail &amp; finalize</code>
        </line>
        <line hits="2">
            <code>        _handleTailAndFinalize();</code>
            <hit count="2" name="&lt;unnamed&gt;"/>
        </line>
        <line hits="4">
            <code>        completer.complete(getHash());</code>
            <hit count="4" name="&lt;unnamed&gt;"/>
        </line>
        <line>
            <code>      } catch (e, st) {</code>
        </line>
        <line hits="0">
            <code>        completer.completeError(e, st);</code>
        </line>
        <line>
            <code>      }</code>
        </line>
        <line>
            <code>    }</code>
        </line>
        <line>
            <code/>
        </line>
        <line hits="2">
            <code>    _pending = 0;</code>
            <hit count="2" name="&lt;unnamed&gt;"/>
        </line>
        <line hits="2">
            <code>    _length = 0;</code>
            <hit count="2" name="&lt;unnamed&gt;"/>
        </line>
        <line>
            <code/>
        </line>
        <line hits="2">
            <code>    final sub = data.listen(</code>
            <hit count="2" name="&lt;unnamed&gt;"/>
        </line>
        <line>
            <code>      $handleBody,</code>
        </line>
        <line>
            <code>      onDone: $handleTailAndFinalize,</code>
        </line>
        <line hits="2">
            <code>      onError: completer.completeError,</code>
            <hit count="2" name="&lt;unnamed&gt;"/>
        </line>
        <line>
            <code>      cancelOnError: true,</code>
        </line>
        <line>
            <code>    );</code>
        </line>
        <line>
            <code/>
        </line>
        <line hits="6">
            <code>    return completer.future.whenComplete(sub.cancel);</code>
            <hit count="6" name="&lt;unnamed&gt;"/>
        </line>
        <line>
            <code>  }</code>
        </line>
        <line>
            <code/>
        </line>
        <line hits="2">
            <code>  void _handleBody(Object? input) {</code>
            <hit count="2" name="&lt;unnamed&gt;"/>
        </line>
        <line hits="4">
            <code>    final bytes = getBytesData(input), len = bytes.lengthInBytes;</code>
            <hit count="4" name="&lt;unnamed&gt;"/>
        </line>
        <line>
            <code>    var idx = 0;</code>
        </line>
        <line>
            <code/>
        </line>
        <line>
            <code>    // Finish current partial block</code>
        </line>
        <line hits="4">
            <code>    if (_pending &gt; 0) {</code>
            <hit count="4" name="&lt;unnamed&gt;"/>
        </line>
        <line hits="8">
            <code>      while (idx &lt; len &amp;&amp; _pending &lt; blockSize) {</code>
            <hit count="8" name="&lt;unnamed&gt;"/>
        </line>
        <line hits="2">
            <code>        final count = _loadBlock(bytes, idx);</code>
            <hit count="2" name="&lt;unnamed&gt;"/>
        </line>
        <line hits="4">
            <code>        _pending += count;</code>
            <hit count="4" name="&lt;unnamed&gt;"/>
        </line>
        <line hits="2">
            <code>        idx += count;</code>
            <hit count="2" name="&lt;unnamed&gt;"/>
        </line>
        <line>
            <code>      }</code>
        </line>
        <line hits="6">
            <code>      if (_pending == blockSize) {</code>
            <hit count="6" name="&lt;unnamed&gt;"/>
        </line>
        <line hits="2">
            <code>        _processBlock();</code>
            <hit count="2" name="&lt;unnamed&gt;"/>
        </line>
        <line hits="2">
            <code>        _pending = 0;</code>
            <hit count="2" name="&lt;unnamed&gt;"/>
        </line>
        <line>
            <code>      }</code>
        </line>
        <line>
            <code>    }</code>
        </line>
        <line>
            <code/>
        </line>
        <line>
            <code>    // Process full blocks directly</code>
        </line>
        <line hits="6">
            <code>    while (len - idx &gt;= blockSize) {</code>
            <hit count="6" name="&lt;unnamed&gt;"/>
        </line>
        <line hits="2">
            <code>      _loadBlock(bytes, idx);</code>
            <hit count="2" name="&lt;unnamed&gt;"/>
        </line>
        <line hits="2">
            <code>      _processBlock();</code>
            <hit count="2" name="&lt;unnamed&gt;"/>
        </line>
        <line hits="4">
            <code>      idx += blockSize;</code>
            <hit count="4" name="&lt;unnamed&gt;"/>
        </line>
        <line>
            <code>    }</code>
        </line>
        <line>
            <code/>
        </line>
        <line>
            <code>    // Load pending partial block</code>
        </line>
        <line hits="2">
            <code>    while (idx &lt; len) {</code>
            <hit count="2" name="&lt;unnamed&gt;"/>
        </line>
        <line hits="2">
            <code>      final count = _loadBlock(bytes, idx);</code>
            <hit count="2" name="&lt;unnamed&gt;"/>
        </line>
        <line hits="4">
            <code>      _pending += count;</code>
            <hit count="4" name="&lt;unnamed&gt;"/>
        </line>
        <line hits="2">
            <code>      idx += count;</code>
            <hit count="2" name="&lt;unnamed&gt;"/>
        </line>
        <line>
            <code>    }</code>
        </line>
        <line>
            <code/>
        </line>
        <line>
            <code>    // Update length</code>
        </line>
        <line hits="4">
            <code>    _length += len;</code>
            <hit count="4" name="&lt;unnamed&gt;"/>
        </line>
        <line>
            <code>  }</code>
        </line>
        <line>
            <code/>
        </line>
        <line hits="2">
            <code>  void _handleTailAndFinalize() {</code>
            <hit count="2" name="&lt;unnamed&gt;"/>
        </line>
        <line>
            <code>    // process tail &amp; finalize</code>
        </line>
        <line hits="4">
            <code>    if (_pending &gt; 0) {</code>
            <hit count="4" name="&lt;unnamed&gt;"/>
        </line>
        <line hits="2">
            <code>      _pending = 0;</code>
            <hit count="2" name="&lt;unnamed&gt;"/>
        </line>
        <line hits="2">
            <code>      _processTail();</code>
            <hit count="2" name="&lt;unnamed&gt;"/>
        </line>
        <line>
            <code>    }</code>
        </line>
        <line hits="2">
            <code>    _finalize();</code>
            <hit count="2" name="&lt;unnamed&gt;"/>
        </line>
        <line>
            <code>  }</code>
        </line>
        <line>
            <code/>
        </line>
        <line hits="2">
            <code>  static ByteData getBytesData(Object? data) =&gt;</code>
            <hit count="2" name="&lt;unnamed&gt;"/>
        </line>
        <line hits="6">
            <code>      getBytes(data).buffer.asByteData();</code>
            <hit count="6" name="&lt;unnamed&gt;"/>
        </line>
        <line>
            <code/>
        </line>
        <line hits="0">
            <code>  static final _empty = Uint8List(0);</code>
        </line>
        <line hits="12">
            <code>  static final _false = Uint8List.fromList([0]);</code>
            <hit count="12" name="&lt;unnamed&gt;"/>
        </line>
        <line hits="12">
            <code>  static final _true = Uint8List.fromList([1]);</code>
            <hit count="12" name="&lt;unnamed&gt;"/>
        </line>
        <line>
            <code/>
        </line>
        <line hits="3">
            <code>  static Uint8List getBytes(Object? data) =&gt; switch (data) {</code>
            <hit count="3" name="&lt;unnamed&gt;"/>
        </line>
        <line hits="0">
            <code>        null =&gt; _empty,</code>
        </line>
        <line hits="9">
            <code>        bool() =&gt; data ? _true : _false,</code>
            <hit count="9" name="&lt;unnamed&gt;"/>
        </line>
        <line hits="12">
            <code>        num() =&gt; Uint8List(1)..[0] = _getByte(data),</code>
            <hit count="12" name="&lt;unnamed&gt;"/>
        </line>
        <line hits="3">
            <code>        Uint8List() =&gt; data,</code>
            <hit count="3" name="&lt;unnamed&gt;"/>
        </line>
        <line hits="6">
            <code>        String() =&gt; utf8.encode(data),</code>
            <hit count="6" name="&lt;unnamed&gt;"/>
        </line>
        <line hits="12">
            <code>        Iterable&lt;num&gt;() =&gt; Uint8List.fromList(data.map(_getByte).toList()),</code>
            <hit count="12" name="&lt;unnamed&gt;"/>
        </line>
        <line hits="9">
            <code>        _ =&gt; Uint8List.fromList(_getBytes(data).toList())</code>
            <hit count="9" name="&lt;unnamed&gt;"/>
        </line>
        <line>
            <code>      };</code>
        </line>
        <line>
            <code/>
        </line>
        <line hits="3">
            <code>  static int _getByte(num n) {</code>
            <hit count="3" name="&lt;unnamed&gt;"/>
        </line>
        <line hits="6">
            <code>    final i = n.isFinite ? n.toInt() : -1;</code>
            <hit count="6" name="&lt;unnamed&gt;"/>
        </line>
        <line hits="11">
            <code>    if (i &lt; 0 || i &gt; 255 || (n is double &amp;&amp; n != i)) {</code>
            <hit count="11" name="&lt;unnamed&gt;"/>
        </line>
        <line hits="4">
            <code>      throw TypeException('Not a byte: $n');</code>
            <hit count="4" name="&lt;unnamed&gt;"/>
        </line>
        <line>
            <code>    }</code>
        </line>
        <line>
            <code>    return i;</code>
        </line>
        <line>
            <code>  }</code>
        </line>
        <line>
            <code/>
        </line>
        <line>
            <code>  /// Get bytes from [data]. Conversion depends on [data]'s type:</code>
        </line>
        <line>
            <code>  /// * `null` --&gt; yields nothing.</code>
        </line>
        <line>
            <code>  /// * [Uint8List] --&gt; yields all bytes from [data].</code>
        </line>
        <line>
            <code>  /// * [num] --&gt; yields [data] if it is a byte, otherwise throws a [TypeException].</code>
        </line>
        <line>
            <code>  /// * [bool] --&gt; yields `1` if [data] is `true`, `0` otherwise.</code>
        </line>
        <line>
            <code>  /// * [String] --&gt; yields the string's UTF-8 bytes.</code>
        </line>
        <line>
            <code>  /// * [Iterable] --&gt; yields all bytes obtained by applying [getBytes] to each item in [data].</code>
        </line>
        <line>
            <code>  /// Otherwise, a [TypeException] is thrown.</code>
        </line>
        <line hits="3">
            <code>  static Iterable&lt;int&gt; _getBytes(Object? data) sync* {</code>
            <hit count="3" name="&lt;unnamed&gt;"/>
        </line>
        <line>
            <code>    switch (data) {</code>
        </line>
        <line>
            <code>      case null:</code>
        </line>
        <line>
            <code>        break;</code>
        </line>
        <line hits="3">
            <code>      case num():</code>
            <hit count="3" name="&lt;unnamed&gt;"/>
        </line>
        <line hits="0">
            <code>        yield _getByte(data);</code>
        </line>
        <line hits="3">
            <code>      case bool():</code>
            <hit count="3" name="&lt;unnamed&gt;"/>
        </line>
        <line>
            <code>        yield data ? 1 : 0;</code>
        </line>
        <line hits="3">
            <code>      case String():</code>
            <hit count="3" name="&lt;unnamed&gt;"/>
        </line>
        <line hits="0">
            <code>        yield* utf8.encode(data);</code>
        </line>
        <line hits="3">
            <code>      case Iterable():</code>
            <hit count="3" name="&lt;unnamed&gt;"/>
        </line>
        <line hits="6">
            <code>        for (var item in data) {</code>
            <hit count="6" name="&lt;unnamed&gt;"/>
        </line>
        <line hits="3">
            <code>          yield* getBytes(item);</code>
            <hit count="3" name="&lt;unnamed&gt;"/>
        </line>
        <line>
            <code>        }</code>
        </line>
        <line>
            <code>      default:</code>
        </line>
        <line hits="6">
            <code>        throw TypeException('Unsupported data type: ${data.runtimeType}');</code>
            <hit count="6" name="&lt;unnamed&gt;"/>
        </line>
        <line>
            <code>    }</code>
        </line>
        <line>
            <code>  }</code>
        </line>
        <line>
            <code>}</code>
        </line>
    </lines>
    <config branch-coverage="true" description-file="false" function-coverage="true" genhtml_hi_limit="90" genhtml_med_limit="75" legend="false" no-sort="false" no-source="false"/>
    <base href="../../"/>
    <base href="../../"/>
</coverage>
