<?xml version="1.0" encoding="UTF-8" standalone="no"?>
<?xml-stylesheet type="text/xsl" href="../../jgenhtml.xsl"?><coverage branch-rate="NaN" branches-covered="0" branches-valid="0" complexity="0" date="2026-05-01" filename="_uint64_native.dart" function-rate="NaN" functions-covered="0" functions-valid="0" line-rate="0.84313726" lines-covered="43" lines-valid="51" package="/lib/src" testname="lcov.info" version="1.5">
    <lines>
        <line>
            <code>import 'dart:typed_data';</code>
        </line>
        <line>
            <code/>
        </line>
        <line>
            <code>import '_helpers.dart';</code>
        </line>
        <line>
            <code>import 'uint.dart';</code>
        </line>
        <line>
            <code/>
        </line>
        <line>
            <code>/// 64-bit arithmetic based on a native 64-bit int.</code>
        </line>
        <line>
            <code>// ignore: camel_case_types</code>
        </line>
        <line>
            <code>class Uint64_native implements IUint64 {</code>
        </line>
        <line hits="2">
            <code>  Uint64_native(Object? value) {</code>
            <hit count="2" name="&lt;unnamed&gt;"/>
        </line>
        <line>
            <code>    if ($vmOrWasm) {</code>
        </line>
        <line hits="2">
            <code>      _value = switch (value) {</code>
            <hit count="2" name="&lt;unnamed&gt;"/>
        </line>
        <line hits="2">
            <code>        int() =&gt; value,</code>
            <hit count="2" name="&lt;unnamed&gt;"/>
        </line>
        <line hits="2">
            <code>        Uint64_native() =&gt; value._value,</code>
            <hit count="2" name="&lt;unnamed&gt;"/>
        </line>
        <line hits="6">
            <code>        _ =&gt; toBigInt(value).toSigned(64).toInt(),</code>
            <hit count="6" name="&lt;unnamed&gt;"/>
        </line>
        <line>
            <code>      };</code>
        </line>
        <line>
            <code>    } else {</code>
        </line>
        <line hits="0">
            <code>      unsupported64bit();</code>
        </line>
        <line>
            <code>    }</code>
        </line>
        <line>
            <code>  }</code>
        </line>
        <line>
            <code/>
        </line>
        <line>
            <code>  int _value = 0;</code>
        </line>
        <line>
            <code/>
        </line>
        <line hits="2">
            <code>  @override</code>
            <hit count="2" name="&lt;unnamed&gt;"/>
        </line>
        <line>
            <code>  BigInt get value =&gt;</code>
        </line>
        <line hits="6">
            <code>      $vmOrWasm ? BigInt.from(_value).toUnsigned(64) : unsupported64bit();</code>
            <hit count="6" name="&lt;unnamed&gt;"/>
        </line>
        <line>
            <code/>
        </line>
        <line hits="2">
            <code>  @override</code>
            <hit count="2" name="&lt;unnamed&gt;"/>
        </line>
        <line>
            <code>  int loadLEBytes(ByteData bytes, int offset, {int fromByte = 0}) {</code>
        </line>
        <line>
            <code>    if ($vmOrWasm) {</code>
        </line>
        <line hits="2">
            <code>      final len = bytes.lengthInBytes;</code>
            <hit count="2" name="&lt;unnamed&gt;"/>
        </line>
        <line hits="6">
            <code>      if (fromByte == 0 &amp;&amp; len - offset &gt;= 8) {</code>
            <hit count="6" name="&lt;unnamed&gt;"/>
        </line>
        <line hits="6">
            <code>        _value = bytes.getUint32(offset, Endian.little) |</code>
            <hit count="6" name="&lt;unnamed&gt;"/>
        </line>
        <line hits="6">
            <code>            (bytes.getUint32(offset + 4, Endian.little) &lt;&lt; 32);</code>
            <hit count="6" name="&lt;unnamed&gt;"/>
        </line>
        <line>
            <code>        return 8;</code>
        </line>
        <line>
            <code>      }</code>
        </line>
        <line>
            <code/>
        </line>
        <line hits="2">
            <code>      var count = fromByte * 8;</code>
            <hit count="2" name="&lt;unnamed&gt;"/>
        </line>
        <line hits="4">
            <code>      var value = (fromByte == 0) ? 0 : _value;</code>
            <hit count="4" name="&lt;unnamed&gt;"/>
        </line>
        <line hits="4">
            <code>      while (count &lt; 64 &amp;&amp; offset &lt; len) {</code>
            <hit count="4" name="&lt;unnamed&gt;"/>
        </line>
        <line hits="6">
            <code>        value |= bytes.getUint8(offset) &lt;&lt; count;</code>
            <hit count="6" name="&lt;unnamed&gt;"/>
        </line>
        <line hits="2">
            <code>        count += 8;</code>
            <hit count="2" name="&lt;unnamed&gt;"/>
        </line>
        <line hits="2">
            <code>        offset++;</code>
            <hit count="2" name="&lt;unnamed&gt;"/>
        </line>
        <line>
            <code>      }</code>
        </line>
        <line hits="2">
            <code>      _value = value;</code>
            <hit count="2" name="&lt;unnamed&gt;"/>
        </line>
        <line hits="4">
            <code>      return count ~/ 8 - fromByte;</code>
            <hit count="4" name="&lt;unnamed&gt;"/>
        </line>
        <line>
            <code>    } else {</code>
        </line>
        <line hits="0">
            <code>      unsupported64bit();</code>
        </line>
        <line>
            <code>    }</code>
        </line>
        <line>
            <code>  }</code>
        </line>
        <line>
            <code/>
        </line>
        <line hits="2">
            <code>  @override</code>
            <hit count="2" name="&lt;unnamed&gt;"/>
        </line>
        <line>
            <code>  void add(IUint64 other) {</code>
        </line>
        <line>
            <code>    if ($vmOrWasm) {</code>
        </line>
        <line hits="6">
            <code>      _value += (other as Uint64_native)._value;</code>
            <hit count="6" name="&lt;unnamed&gt;"/>
        </line>
        <line>
            <code>    } else {</code>
        </line>
        <line hits="0">
            <code>      unsupported64bit();</code>
        </line>
        <line>
            <code>    }</code>
        </line>
        <line>
            <code>  }</code>
        </line>
        <line>
            <code/>
        </line>
        <line hits="2">
            <code>  @override</code>
            <hit count="2" name="&lt;unnamed&gt;"/>
        </line>
        <line>
            <code>  void mul(IUint64 other) {</code>
        </line>
        <line>
            <code>    if ($vmOrWasm) {</code>
        </line>
        <line hits="2">
            <code>      final b = (other as Uint64_native)._value;</code>
            <hit count="2" name="&lt;unnamed&gt;"/>
        </line>
        <line hits="4">
            <code>      final aL = _value &amp; mask32;</code>
            <hit count="4" name="&lt;unnamed&gt;"/>
        </line>
        <line hits="4">
            <code>      final aH = _value &gt;&gt;&gt; 32;</code>
            <hit count="4" name="&lt;unnamed&gt;"/>
        </line>
        <line hits="2">
            <code>      final bL = b &amp; mask32;</code>
            <hit count="2" name="&lt;unnamed&gt;"/>
        </line>
        <line hits="2">
            <code>      final bH = b &gt;&gt;&gt; 32;</code>
            <hit count="2" name="&lt;unnamed&gt;"/>
        </line>
        <line>
            <code/>
        </line>
        <line>
            <code>      // (aH*2^32 + aL) * (bH*2^32 + bL) = (aH*bL + aL*bH) &lt;&lt; 32 + aL*bL</code>
        </line>
        <line hits="16">
            <code>      _value = (aL * bL) + (((aH * bL + aL * bH) &amp; mask32) &lt;&lt; 32);</code>
            <hit count="16" name="&lt;unnamed&gt;"/>
        </line>
        <line>
            <code>    } else {</code>
        </line>
        <line hits="0">
            <code>      unsupported64bit();</code>
        </line>
        <line>
            <code>    }</code>
        </line>
        <line>
            <code>  }</code>
        </line>
        <line>
            <code/>
        </line>
        <line hits="2">
            <code>  @override</code>
            <hit count="2" name="&lt;unnamed&gt;"/>
        </line>
        <line>
            <code>  void rotl(int n) {</code>
        </line>
        <line>
            <code>    if ($vmOrWasm) {</code>
        </line>
        <line hits="2">
            <code>      n %= 64;</code>
            <hit count="2" name="&lt;unnamed&gt;"/>
        </line>
        <line hits="2">
            <code>      if (n == 0) return;</code>
            <hit count="2" name="&lt;unnamed&gt;"/>
        </line>
        <line hits="14">
            <code>      _value = (_value &lt;&lt; n) | (_value &gt;&gt;&gt; (64 - n));</code>
            <hit count="14" name="&lt;unnamed&gt;"/>
        </line>
        <line>
            <code>    } else {</code>
        </line>
        <line hits="0">
            <code>      unsupported64bit();</code>
        </line>
        <line>
            <code>    }</code>
        </line>
        <line>
            <code>  }</code>
        </line>
        <line>
            <code/>
        </line>
        <line hits="1">
            <code>  @override</code>
            <hit count="1" name="&lt;unnamed&gt;"/>
        </line>
        <line>
            <code>  void shl(int n) {</code>
        </line>
        <line>
            <code>    if ($vmOrWasm) {</code>
        </line>
        <line hits="1">
            <code>      if (n &gt;= 64) {</code>
            <hit count="1" name="&lt;unnamed&gt;"/>
        </line>
        <line hits="1">
            <code>        _value = 0;</code>
            <hit count="1" name="&lt;unnamed&gt;"/>
        </line>
        <line>
            <code>      } else {</code>
        </line>
        <line hits="2">
            <code>        _value &lt;&lt;= n;</code>
            <hit count="2" name="&lt;unnamed&gt;"/>
        </line>
        <line>
            <code>      }</code>
        </line>
        <line>
            <code>    } else {</code>
        </line>
        <line hits="0">
            <code>      unsupported64bit();</code>
        </line>
        <line>
            <code>    }</code>
        </line>
        <line>
            <code>  }</code>
        </line>
        <line>
            <code/>
        </line>
        <line hits="2">
            <code>  @override</code>
            <hit count="2" name="&lt;unnamed&gt;"/>
        </line>
        <line>
            <code>  void xor(IUint64 other) {</code>
        </line>
        <line>
            <code>    if ($vmOrWasm) {</code>
        </line>
        <line hits="6">
            <code>      _value ^= (other as Uint64_native)._value;</code>
            <hit count="6" name="&lt;unnamed&gt;"/>
        </line>
        <line>
            <code>    } else {</code>
        </line>
        <line hits="0">
            <code>      unsupported64bit();</code>
        </line>
        <line>
            <code>    }</code>
        </line>
        <line>
            <code>  }</code>
        </line>
        <line>
            <code/>
        </line>
        <line hits="2">
            <code>  @override</code>
            <hit count="2" name="&lt;unnamed&gt;"/>
        </line>
        <line>
            <code>  void xshr(int n) {</code>
        </line>
        <line>
            <code>    if ($vmOrWasm) {</code>
        </line>
        <line hits="2">
            <code>      if (n &gt;= 64) {</code>
            <hit count="2" name="&lt;unnamed&gt;"/>
        </line>
        <line hits="2">
            <code>        _value ^= 0;</code>
            <hit count="2" name="&lt;unnamed&gt;"/>
        </line>
        <line>
            <code>      } else {</code>
        </line>
        <line hits="8">
            <code>        _value ^= (_value &gt;&gt;&gt; n);</code>
            <hit count="8" name="&lt;unnamed&gt;"/>
        </line>
        <line>
            <code>      }</code>
        </line>
        <line>
            <code>    } else {</code>
        </line>
        <line hits="0">
            <code>      unsupported64bit();</code>
        </line>
        <line>
            <code>    }</code>
        </line>
        <line>
            <code>  }</code>
        </line>
        <line>
            <code>}</code>
        </line>
    </lines>
    <config branch-coverage="true" description-file="false" function-coverage="true" genhtml_hi_limit="90" genhtml_med_limit="75" legend="false" no-sort="false" no-source="false"/>
    <base href="../../"/>
    <base href="../../"/>
</coverage>
