<?xml version="1.0" encoding="UTF-8" standalone="no"?>
<?xml-stylesheet type="text/xsl" href="../../jgenhtml.xsl"?><coverage branch-rate="NaN" branches-covered="0" branches-valid="0" complexity="0" date="2026-05-01" filename="_uint32_int_64bit_mul.dart" function-rate="NaN" functions-covered="0" functions-valid="0" line-rate="0.7777778" lines-covered="28" lines-valid="36" package="/lib/src" testname="lcov.info" version="1.5">
    <lines>
        <line>
            <code>import 'dart:typed_data';</code>
        </line>
        <line>
            <code/>
        </line>
        <line>
            <code>import 'package:murmur3/src/_helpers.dart';</code>
        </line>
        <line>
            <code/>
        </line>
        <line>
            <code>import 'uint.dart' show IUint32;</code>
        </line>
        <line>
            <code/>
        </line>
        <line>
            <code>/// 32-bit arithmetic based on a 32-bit int value. This implementation uses</code>
        </line>
        <line>
            <code>/// multiplication on 64-bit numbers and is not compatible with browser platforms</code>
        </line>
        <line>
            <code>/// where integer values are safe up to `pow(2, 53)` only.</code>
        </line>
        <line>
            <code>// ignore: camel_case_types</code>
        </line>
        <line>
            <code>class Uint32_int_64bit_mul implements IUint32 {</code>
        </line>
        <line hits="1">
            <code>  Uint32_int_64bit_mul(int value) {</code>
            <hit count="1" name="&lt;unnamed&gt;"/>
        </line>
        <line>
            <code>    if ($vmOrWasm) {</code>
        </line>
        <line hits="2">
            <code>      _value = clamp32(value);</code>
            <hit count="2" name="&lt;unnamed&gt;"/>
        </line>
        <line>
            <code>    } else {</code>
        </line>
        <line hits="0">
            <code>      unsupported64bit();</code>
        </line>
        <line>
            <code>    }</code>
        </line>
        <line>
            <code>  }</code>
        </line>
        <line>
            <code/>
        </line>
        <line hits="1">
            <code>  @override</code>
            <hit count="1" name="&lt;unnamed&gt;"/>
        </line>
        <line hits="1">
            <code>  int get value =&gt; $vmOrWasm ? _value : unsupported64bit();</code>
            <hit count="1" name="&lt;unnamed&gt;"/>
        </line>
        <line>
            <code>  int _value = 0;</code>
        </line>
        <line>
            <code/>
        </line>
        <line hits="1">
            <code>  @override</code>
            <hit count="1" name="&lt;unnamed&gt;"/>
        </line>
        <line>
            <code>  int loadLEBytes(ByteData bytes, int offset, {int fromByte = 0}) {</code>
        </line>
        <line>
            <code>    if ($vmOrWasm) {</code>
        </line>
        <line hits="1">
            <code>      final len = bytes.lengthInBytes;</code>
            <hit count="1" name="&lt;unnamed&gt;"/>
        </line>
        <line hits="3">
            <code>      if (fromByte == 0 &amp;&amp; len - offset &gt;= 4) {</code>
            <hit count="3" name="&lt;unnamed&gt;"/>
        </line>
        <line hits="2">
            <code>        _value = bytes.getUint32(offset, Endian.little);</code>
            <hit count="2" name="&lt;unnamed&gt;"/>
        </line>
        <line>
            <code>        return 4;</code>
        </line>
        <line>
            <code>      }</code>
        </line>
        <line>
            <code/>
        </line>
        <line hits="1">
            <code>      var count = fromByte * 8;</code>
            <hit count="1" name="&lt;unnamed&gt;"/>
        </line>
        <line hits="2">
            <code>      var value = (fromByte == 0) ? 0 : _value;</code>
            <hit count="2" name="&lt;unnamed&gt;"/>
        </line>
        <line hits="2">
            <code>      while (count &lt; 32 &amp;&amp; offset &lt; len) {</code>
            <hit count="2" name="&lt;unnamed&gt;"/>
        </line>
        <line hits="3">
            <code>        value |= bytes.getUint8(offset) &lt;&lt; count;</code>
            <hit count="3" name="&lt;unnamed&gt;"/>
        </line>
        <line hits="1">
            <code>        count += 8;</code>
            <hit count="1" name="&lt;unnamed&gt;"/>
        </line>
        <line hits="1">
            <code>        offset++;</code>
            <hit count="1" name="&lt;unnamed&gt;"/>
        </line>
        <line>
            <code>      }</code>
        </line>
        <line hits="1">
            <code>      _value = value;</code>
            <hit count="1" name="&lt;unnamed&gt;"/>
        </line>
        <line hits="2">
            <code>      return count ~/ 8 - fromByte;</code>
            <hit count="2" name="&lt;unnamed&gt;"/>
        </line>
        <line>
            <code>    } else {</code>
        </line>
        <line hits="0">
            <code>      unsupported64bit();</code>
        </line>
        <line>
            <code>    }</code>
        </line>
        <line>
            <code>  }</code>
        </line>
        <line>
            <code/>
        </line>
        <line hits="1">
            <code>  @override</code>
            <hit count="1" name="&lt;unnamed&gt;"/>
        </line>
        <line>
            <code>  void add(IUint32 other) {</code>
        </line>
        <line>
            <code>    if ($vmOrWasm) {</code>
        </line>
        <line hits="5">
            <code>      _value = clamp32(_value + other.value);</code>
            <hit count="5" name="&lt;unnamed&gt;"/>
        </line>
        <line>
            <code>    } else {</code>
        </line>
        <line hits="0">
            <code>      unsupported64bit();</code>
        </line>
        <line>
            <code>    }</code>
        </line>
        <line>
            <code>  }</code>
        </line>
        <line>
            <code/>
        </line>
        <line hits="1">
            <code>  @override</code>
            <hit count="1" name="&lt;unnamed&gt;"/>
        </line>
        <line>
            <code>  // requires 64-bit arithmetic</code>
        </line>
        <line>
            <code>  void mul(IUint32 other) {</code>
        </line>
        <line>
            <code>    if ($vmOrWasm) {</code>
        </line>
        <line hits="5">
            <code>      _value = clamp32(_value * other.value);</code>
            <hit count="5" name="&lt;unnamed&gt;"/>
        </line>
        <line>
            <code>    } else {</code>
        </line>
        <line hits="0">
            <code>      unsupported64bit();</code>
        </line>
        <line>
            <code>    }</code>
        </line>
        <line>
            <code>  }</code>
        </line>
        <line>
            <code/>
        </line>
        <line hits="1">
            <code>  @override</code>
            <hit count="1" name="&lt;unnamed&gt;"/>
        </line>
        <line>
            <code>  void rotl(int n) {</code>
        </line>
        <line>
            <code>    if ($vmOrWasm) {</code>
        </line>
        <line hits="8">
            <code>      _value = clamp32(_value &lt;&lt; n) | (_value &gt;&gt; (32 - n));</code>
            <hit count="8" name="&lt;unnamed&gt;"/>
        </line>
        <line>
            <code>    } else {</code>
        </line>
        <line hits="0">
            <code>      unsupported64bit();</code>
        </line>
        <line>
            <code>    }</code>
        </line>
        <line>
            <code>  }</code>
        </line>
        <line>
            <code/>
        </line>
        <line hits="1">
            <code>  @override</code>
            <hit count="1" name="&lt;unnamed&gt;"/>
        </line>
        <line>
            <code>  void shl(int n) {</code>
        </line>
        <line>
            <code>    if ($vmOrWasm) {</code>
        </line>
        <line hits="4">
            <code>      _value = clamp32(_value &lt;&lt; n);</code>
            <hit count="4" name="&lt;unnamed&gt;"/>
        </line>
        <line>
            <code>    } else {</code>
        </line>
        <line hits="0">
            <code>      unsupported64bit();</code>
        </line>
        <line>
            <code>    }</code>
        </line>
        <line>
            <code>  }</code>
        </line>
        <line>
            <code/>
        </line>
        <line hits="1">
            <code>  @override</code>
            <hit count="1" name="&lt;unnamed&gt;"/>
        </line>
        <line>
            <code>  void xor(IUint32 other) {</code>
        </line>
        <line>
            <code>    if ($vmOrWasm) {</code>
        </line>
        <line hits="3">
            <code>      _value ^= other.value;</code>
            <hit count="3" name="&lt;unnamed&gt;"/>
        </line>
        <line>
            <code>    } else {</code>
        </line>
        <line hits="0">
            <code>      unsupported64bit();</code>
        </line>
        <line>
            <code>    }</code>
        </line>
        <line>
            <code>  }</code>
        </line>
        <line>
            <code/>
        </line>
        <line hits="1">
            <code>  @override</code>
            <hit count="1" name="&lt;unnamed&gt;"/>
        </line>
        <line>
            <code>  void xshr(int n) {</code>
        </line>
        <line>
            <code>    if ($vmOrWasm) {</code>
        </line>
        <line hits="4">
            <code>      _value ^= (_value &gt;&gt; n);</code>
            <hit count="4" name="&lt;unnamed&gt;"/>
        </line>
        <line>
            <code>    } else {</code>
        </line>
        <line hits="0">
            <code>      unsupported64bit();</code>
        </line>
        <line>
            <code>    }</code>
        </line>
        <line>
            <code>  }</code>
        </line>
        <line>
            <code>}</code>
        </line>
    </lines>
    <config branch-coverage="true" description-file="false" function-coverage="true" genhtml_hi_limit="90" genhtml_med_limit="75" legend="false" no-sort="false" no-source="false"/>
    <base href="../../"/>
    <base href="../../"/>
</coverage>
