<?xml version="1.0" encoding="UTF-8" standalone="no"?>
<?xml-stylesheet type="text/xsl" href="../../jgenhtml.xsl"?><coverage branch-rate="NaN" branches-covered="0" branches-valid="0" complexity="0" date="2026-05-01" filename="_uint64_bigint.dart" function-rate="NaN" functions-covered="0" functions-valid="0" line-rate="1.0" lines-covered="36" lines-valid="36" package="/lib/src" testname="lcov.info" version="1.5">
    <lines>
        <line>
            <code>import 'dart:typed_data';</code>
        </line>
        <line>
            <code/>
        </line>
        <line>
            <code>import '_helpers.dart';</code>
        </line>
        <line>
            <code>import 'uint.dart' show IUint64;</code>
        </line>
        <line>
            <code/>
        </line>
        <line>
            <code>/// 64-bit arithmetic based on a [BigInt] value.</code>
        </line>
        <line>
            <code>// ignore: camel_case_types</code>
        </line>
        <line>
            <code>class Uint64_BigInt implements IUint64 {</code>
        </line>
        <line hits="6">
            <code>  static final _loMask = BigInt.parse('0x00000000FFFFFFFF');</code>
            <hit count="6" name="&lt;unnamed&gt;"/>
        </line>
        <line hits="6">
            <code>  static final _hiMask = BigInt.parse('0xFFFFFFFF00000000');</code>
            <hit count="6" name="&lt;unnamed&gt;"/>
        </line>
        <line>
            <code/>
        </line>
        <line hits="4">
            <code>  Uint64_BigInt(Object? value) : _value = toBigInt(value);</code>
            <hit count="4" name="&lt;unnamed&gt;"/>
        </line>
        <line>
            <code/>
        </line>
        <line hits="2">
            <code>  @override</code>
            <hit count="2" name="&lt;unnamed&gt;"/>
        </line>
        <line hits="2">
            <code>  BigInt get value =&gt; _value;</code>
            <hit count="2" name="&lt;unnamed&gt;"/>
        </line>
        <line>
            <code>  BigInt _value;</code>
        </line>
        <line>
            <code/>
        </line>
        <line hits="2">
            <code>  @override</code>
            <hit count="2" name="&lt;unnamed&gt;"/>
        </line>
        <line>
            <code>  int loadLEBytes(ByteData bytes, int offset, {int fromByte = 0}) {</code>
        </line>
        <line hits="2">
            <code>    final len = bytes.lengthInBytes;</code>
            <hit count="2" name="&lt;unnamed&gt;"/>
        </line>
        <line hits="6">
            <code>    if (fromByte == 0 &amp;&amp; len - offset &gt;= 8) {</code>
            <hit count="6" name="&lt;unnamed&gt;"/>
        </line>
        <line hits="2">
            <code>      final lo = bytes.getUint32(offset, Endian.little);</code>
            <hit count="2" name="&lt;unnamed&gt;"/>
        </line>
        <line hits="4">
            <code>      final hi = bytes.getUint32(offset + 4, Endian.little);</code>
            <hit count="4" name="&lt;unnamed&gt;"/>
        </line>
        <line hits="10">
            <code>      _value = (BigInt.from(hi) &lt;&lt; 32) | BigInt.from(lo);</code>
            <hit count="10" name="&lt;unnamed&gt;"/>
        </line>
        <line>
            <code>      return 8;</code>
        </line>
        <line>
            <code>    }</code>
        </line>
        <line>
            <code/>
        </line>
        <line hits="2">
            <code>    var count = fromByte * 8;</code>
            <hit count="2" name="&lt;unnamed&gt;"/>
        </line>
        <line hits="10">
            <code>    var lo = (fromByte == 0) ? 0 : (_value &amp; _loMask).toInt();</code>
            <hit count="10" name="&lt;unnamed&gt;"/>
        </line>
        <line hits="12">
            <code>    var hi = (fromByte == 0) ? 0 : ((_value &amp; _hiMask) &gt;&gt; 32).toInt();</code>
            <hit count="12" name="&lt;unnamed&gt;"/>
        </line>
        <line hits="4">
            <code>    while (count &lt; 32 &amp;&amp; offset &lt; len) {</code>
            <hit count="4" name="&lt;unnamed&gt;"/>
        </line>
        <line hits="6">
            <code>      lo |= bytes.getUint8(offset) &lt;&lt; count;</code>
            <hit count="6" name="&lt;unnamed&gt;"/>
        </line>
        <line hits="2">
            <code>      count += 8;</code>
            <hit count="2" name="&lt;unnamed&gt;"/>
        </line>
        <line hits="2">
            <code>      offset++;</code>
            <hit count="2" name="&lt;unnamed&gt;"/>
        </line>
        <line>
            <code>    }</code>
        </line>
        <line hits="4">
            <code>    while (count &lt; 64 &amp;&amp; offset &lt; len) {</code>
            <hit count="4" name="&lt;unnamed&gt;"/>
        </line>
        <line hits="8">
            <code>      hi |= bytes.getUint8(offset) &lt;&lt; (count - 32);</code>
            <hit count="8" name="&lt;unnamed&gt;"/>
        </line>
        <line hits="2">
            <code>      count += 8;</code>
            <hit count="2" name="&lt;unnamed&gt;"/>
        </line>
        <line hits="2">
            <code>      offset++;</code>
            <hit count="2" name="&lt;unnamed&gt;"/>
        </line>
        <line>
            <code>    }</code>
        </line>
        <line hits="10">
            <code>    _value = (BigInt.from(hi) &lt;&lt; 32) | BigInt.from(lo);</code>
            <hit count="10" name="&lt;unnamed&gt;"/>
        </line>
        <line hits="4">
            <code>    return count ~/ 8 - fromByte;</code>
            <hit count="4" name="&lt;unnamed&gt;"/>
        </line>
        <line>
            <code>  }</code>
        </line>
        <line>
            <code/>
        </line>
        <line hits="2">
            <code>  @override</code>
            <hit count="2" name="&lt;unnamed&gt;"/>
        </line>
        <line hits="10">
            <code>  void add(IUint64 other) =&gt; _value = clamp64(_value + other.value);</code>
            <hit count="10" name="&lt;unnamed&gt;"/>
        </line>
        <line>
            <code/>
        </line>
        <line hits="2">
            <code>  @override</code>
            <hit count="2" name="&lt;unnamed&gt;"/>
        </line>
        <line hits="10">
            <code>  void mul(IUint64 other) =&gt; _value = clamp64(_value * other.value);</code>
            <hit count="10" name="&lt;unnamed&gt;"/>
        </line>
        <line>
            <code/>
        </line>
        <line hits="2">
            <code>  @override</code>
            <hit count="2" name="&lt;unnamed&gt;"/>
        </line>
        <line hits="16">
            <code>  void rotl(int n) =&gt; _value = clamp64(_value &lt;&lt; n | (_value &gt;&gt; (64 - n)));</code>
            <hit count="16" name="&lt;unnamed&gt;"/>
        </line>
        <line>
            <code/>
        </line>
        <line hits="2">
            <code>  @override</code>
            <hit count="2" name="&lt;unnamed&gt;"/>
        </line>
        <line hits="6">
            <code>  void xor(IUint64 other) =&gt; _value ^= other.value;</code>
            <hit count="6" name="&lt;unnamed&gt;"/>
        </line>
        <line>
            <code/>
        </line>
        <line hits="1">
            <code>  @override</code>
            <hit count="1" name="&lt;unnamed&gt;"/>
        </line>
        <line hits="4">
            <code>  void shl(int n) =&gt; _value = clamp64(_value &lt;&lt; n);</code>
            <hit count="4" name="&lt;unnamed&gt;"/>
        </line>
        <line>
            <code/>
        </line>
        <line hits="2">
            <code>  @override</code>
            <hit count="2" name="&lt;unnamed&gt;"/>
        </line>
        <line hits="10">
            <code>  void xshr(int n) =&gt; _value ^= (_value.toUnsigned(64) &gt;&gt; n);</code>
            <hit count="10" name="&lt;unnamed&gt;"/>
        </line>
        <line>
            <code>}</code>
        </line>
    </lines>
    <config branch-coverage="true" description-file="false" function-coverage="true" genhtml_hi_limit="90" genhtml_med_limit="75" legend="false" no-sort="false" no-source="false"/>
    <base href="../../"/>
    <base href="../../"/>
</coverage>
