<?xml version="1.0" encoding="UTF-8" standalone="no"?>
<?xml-stylesheet type="text/xsl" href="../../jgenhtml.xsl"?><coverage branch-rate="NaN" branches-covered="0" branches-valid="0" complexity="0" date="2026-05-01" filename="_uint32_int_48bit_mul.dart" function-rate="NaN" functions-covered="0" functions-valid="0" line-rate="1.0" lines-covered="30" lines-valid="30" package="/lib/src" testname="lcov.info" version="1.5">
    <lines>
        <line>
            <code>import 'dart:typed_data';</code>
        </line>
        <line>
            <code/>
        </line>
        <line>
            <code>import '_helpers.dart';</code>
        </line>
        <line>
            <code>import 'uint.dart' show IUint32;</code>
        </line>
        <line>
            <code/>
        </line>
        <line>
            <code>/// 32-bit arithmetic based on a 32-bit int value. This implementation uses</code>
        </line>
        <line>
            <code>/// multiplication on 16-bit numbers for compatibility with browser platforms</code>
        </line>
        <line>
            <code>/// where integer values are safe up to `pow(2, 53)` only.</code>
        </line>
        <line>
            <code>// ignore: camel_case_types</code>
        </line>
        <line>
            <code>class Uint32_int_48bit_mul implements IUint32 {</code>
        </line>
        <line>
            <code>  static const _mask16 = 0x0000FFFF;</code>
        </line>
        <line>
            <code/>
        </line>
        <line hits="4">
            <code>  Uint32_int_48bit_mul(int value) : _value = clamp32(value);</code>
            <hit count="4" name="&lt;unnamed&gt;"/>
        </line>
        <line>
            <code/>
        </line>
        <line hits="2">
            <code>  @override</code>
            <hit count="2" name="&lt;unnamed&gt;"/>
        </line>
        <line hits="2">
            <code>  int get value =&gt; _value;</code>
            <hit count="2" name="&lt;unnamed&gt;"/>
        </line>
        <line>
            <code>  int _value;</code>
        </line>
        <line>
            <code/>
        </line>
        <line hits="2">
            <code>  @override</code>
            <hit count="2" name="&lt;unnamed&gt;"/>
        </line>
        <line>
            <code>  int loadLEBytes(ByteData bytes, int offset, {int fromByte = 0}) {</code>
        </line>
        <line hits="2">
            <code>    final len = bytes.lengthInBytes;</code>
            <hit count="2" name="&lt;unnamed&gt;"/>
        </line>
        <line hits="6">
            <code>    if (fromByte == 0 &amp;&amp; len - offset &gt;= 4) {</code>
            <hit count="6" name="&lt;unnamed&gt;"/>
        </line>
        <line hits="4">
            <code>      _value = bytes.getUint32(offset, Endian.little);</code>
            <hit count="4" name="&lt;unnamed&gt;"/>
        </line>
        <line>
            <code>      return 4;</code>
        </line>
        <line>
            <code>    }</code>
        </line>
        <line>
            <code/>
        </line>
        <line hits="2">
            <code>    var count = fromByte * 8;</code>
            <hit count="2" name="&lt;unnamed&gt;"/>
        </line>
        <line hits="4">
            <code>    var value = (fromByte == 0) ? 0 : _value;</code>
            <hit count="4" name="&lt;unnamed&gt;"/>
        </line>
        <line hits="4">
            <code>    while (count &lt; 32 &amp;&amp; offset &lt; len) {</code>
            <hit count="4" name="&lt;unnamed&gt;"/>
        </line>
        <line hits="6">
            <code>      value |= bytes.getUint8(offset) &lt;&lt; count;</code>
            <hit count="6" name="&lt;unnamed&gt;"/>
        </line>
        <line hits="2">
            <code>      count += 8;</code>
            <hit count="2" name="&lt;unnamed&gt;"/>
        </line>
        <line hits="2">
            <code>      offset++;</code>
            <hit count="2" name="&lt;unnamed&gt;"/>
        </line>
        <line>
            <code>    }</code>
        </line>
        <line hits="2">
            <code>    _value = value;</code>
            <hit count="2" name="&lt;unnamed&gt;"/>
        </line>
        <line hits="4">
            <code>    return count ~/ 8 - fromByte;</code>
            <hit count="4" name="&lt;unnamed&gt;"/>
        </line>
        <line>
            <code>  }</code>
        </line>
        <line>
            <code/>
        </line>
        <line hits="2">
            <code>  @override</code>
            <hit count="2" name="&lt;unnamed&gt;"/>
        </line>
        <line hits="10">
            <code>  void add(IUint32 other) =&gt; _value = clamp32(_value + other.value);</code>
            <hit count="10" name="&lt;unnamed&gt;"/>
        </line>
        <line>
            <code/>
        </line>
        <line hits="2">
            <code>  @override</code>
            <hit count="2" name="&lt;unnamed&gt;"/>
        </line>
        <line>
            <code>  void mul(IUint32 other) {</code>
        </line>
        <line hits="2">
            <code>    final n = other.value;</code>
            <hit count="2" name="&lt;unnamed&gt;"/>
        </line>
        <line>
            <code/>
        </line>
        <line>
            <code>    // 32-bit multiplication</code>
        </line>
        <line>
            <code>    // on browser platforms, ints are safe up to 53-bit</code>
        </line>
        <line>
            <code>    // decomposing multiplication as 32-bit * 16-bit yielding 48-bits</code>
        </line>
        <line hits="8">
            <code>    final lo = (_value * (n &amp; _mask16)) &amp; mask32;</code>
            <hit count="8" name="&lt;unnamed&gt;"/>
        </line>
        <line hits="8">
            <code>    final hi = (_value * (n &gt;&gt; 16)) &amp; _mask16;</code>
            <hit count="8" name="&lt;unnamed&gt;"/>
        </line>
        <line>
            <code/>
        </line>
        <line hits="8">
            <code>    _value = clamp32(lo + (hi &lt;&lt; 16));</code>
            <hit count="8" name="&lt;unnamed&gt;"/>
        </line>
        <line>
            <code>  }</code>
        </line>
        <line>
            <code/>
        </line>
        <line hits="2">
            <code>  @override</code>
            <hit count="2" name="&lt;unnamed&gt;"/>
        </line>
        <line hits="16">
            <code>  void rotl(int n) =&gt; _value = clamp32(_value &lt;&lt; n) | (_value &gt;&gt; (32 - n));</code>
            <hit count="16" name="&lt;unnamed&gt;"/>
        </line>
        <line>
            <code/>
        </line>
        <line hits="1">
            <code>  @override</code>
            <hit count="1" name="&lt;unnamed&gt;"/>
        </line>
        <line hits="4">
            <code>  void shl(int n) =&gt; _value = clamp32(_value &lt;&lt; n);</code>
            <hit count="4" name="&lt;unnamed&gt;"/>
        </line>
        <line>
            <code/>
        </line>
        <line hits="2">
            <code>  @override</code>
            <hit count="2" name="&lt;unnamed&gt;"/>
        </line>
        <line hits="6">
            <code>  void xor(IUint32 other) =&gt; _value ^= other.value;</code>
            <hit count="6" name="&lt;unnamed&gt;"/>
        </line>
        <line>
            <code/>
        </line>
        <line hits="2">
            <code>  @override</code>
            <hit count="2" name="&lt;unnamed&gt;"/>
        </line>
        <line hits="8">
            <code>  void xshr(int n) =&gt; _value ^= (_value &gt;&gt; n);</code>
            <hit count="8" name="&lt;unnamed&gt;"/>
        </line>
        <line>
            <code>}</code>
        </line>
    </lines>
    <config branch-coverage="true" description-file="false" function-coverage="true" genhtml_hi_limit="90" genhtml_med_limit="75" legend="false" no-sort="false" no-source="false"/>
    <base href="../../"/>
    <base href="../../"/>
</coverage>
