<?xml version="1.0" encoding="UTF-8" standalone="no"?>
<?xml-stylesheet type="text/xsl" href="../../jgenhtml.xsl"?><coverage branch-rate="NaN" branches-covered="0" branches-valid="0" complexity="0" date="2026-05-01" filename="_uint64_int.dart" function-rate="NaN" functions-covered="0" functions-valid="0" line-rate="1.0" lines-covered="79" lines-valid="79" package="/lib/src" testname="lcov.info" version="1.5">
    <lines>
        <line>
            <code>import 'dart:typed_data';</code>
        </line>
        <line>
            <code/>
        </line>
        <line>
            <code>import '_helpers.dart';</code>
        </line>
        <line>
            <code>import 'uint.dart' show IUint64;</code>
        </line>
        <line>
            <code/>
        </line>
        <line>
            <code>/// 64-bit arithmetic based on two 32-bit int values.</code>
        </line>
        <line>
            <code>// ignore: camel_case_types</code>
        </line>
        <line>
            <code>class Uint64_int implements IUint64 {</code>
        </line>
        <line>
            <code>  // 33rd bit set: dividing by this number is equivalent to &gt;&gt; 32</code>
        </line>
        <line>
            <code>  static const _max32 = 0x100000000;</code>
        </line>
        <line>
            <code>  // 25th bit set, dividing by this number is equivalent to &gt;&gt; 24</code>
        </line>
        <line>
            <code>  static const _max24 = 0x01000000; // 25th bit set</code>
        </line>
        <line>
            <code/>
        </line>
        <line hits="6">
            <code>  static final _maskLo32 = BigInt.parse('0x00000000FFFFFFFF');</code>
            <hit count="6" name="&lt;unnamed&gt;"/>
        </line>
        <line hits="6">
            <code>  static final _maskHi32 = BigInt.parse('0xFFFFFFFF00000000');</code>
            <hit count="6" name="&lt;unnamed&gt;"/>
        </line>
        <line>
            <code/>
        </line>
        <line hits="8">
            <code>  static int _lo32(BigInt n) =&gt; (n &amp; _maskLo32).toInt();</code>
            <hit count="8" name="&lt;unnamed&gt;"/>
        </line>
        <line hits="10">
            <code>  static int _hi32(BigInt n) =&gt; ((n &amp; _maskHi32) &gt;&gt; 32).toInt();</code>
            <hit count="10" name="&lt;unnamed&gt;"/>
        </line>
        <line>
            <code/>
        </line>
        <line hits="2">
            <code>  Uint64_int(Object? value) {</code>
            <hit count="2" name="&lt;unnamed&gt;"/>
        </line>
        <line hits="2">
            <code>    final n = toBigInt(value);</code>
            <hit count="2" name="&lt;unnamed&gt;"/>
        </line>
        <line hits="4">
            <code>    _lo = _lo32(n);</code>
            <hit count="4" name="&lt;unnamed&gt;"/>
        </line>
        <line hits="4">
            <code>    _hi = _hi32(n);</code>
            <hit count="4" name="&lt;unnamed&gt;"/>
        </line>
        <line>
            <code>  }</code>
        </line>
        <line>
            <code/>
        </line>
        <line hits="2">
            <code>  @override</code>
            <hit count="2" name="&lt;unnamed&gt;"/>
        </line>
        <line hits="12">
            <code>  BigInt get value =&gt; (BigInt.from(_hi) &lt;&lt; 32) | (BigInt.from(_lo));</code>
            <hit count="12" name="&lt;unnamed&gt;"/>
        </line>
        <line>
            <code>  int _lo = 0;</code>
        </line>
        <line>
            <code>  int _hi = 0;</code>
        </line>
        <line>
            <code/>
        </line>
        <line hits="2">
            <code>  @override</code>
            <hit count="2" name="&lt;unnamed&gt;"/>
        </line>
        <line>
            <code>  int loadLEBytes(ByteData bytes, int offset, {int fromByte = 0}) {</code>
        </line>
        <line hits="2">
            <code>    final len = bytes.lengthInBytes;</code>
            <hit count="2" name="&lt;unnamed&gt;"/>
        </line>
        <line hits="6">
            <code>    if (fromByte == 0 &amp;&amp; len - offset &gt;= 8) {</code>
            <hit count="6" name="&lt;unnamed&gt;"/>
        </line>
        <line hits="4">
            <code>      _lo = bytes.getUint32(offset, Endian.little);</code>
            <hit count="4" name="&lt;unnamed&gt;"/>
        </line>
        <line hits="6">
            <code>      _hi = bytes.getUint32(offset + 4, Endian.little);</code>
            <hit count="6" name="&lt;unnamed&gt;"/>
        </line>
        <line>
            <code>      return 8;</code>
        </line>
        <line>
            <code>    }</code>
        </line>
        <line>
            <code/>
        </line>
        <line hits="2">
            <code>    var count = fromByte * 8;</code>
            <hit count="2" name="&lt;unnamed&gt;"/>
        </line>
        <line hits="4">
            <code>    var lo = (fromByte == 0) ? 0 : _lo;</code>
            <hit count="4" name="&lt;unnamed&gt;"/>
        </line>
        <line hits="4">
            <code>    var hi = (fromByte == 0) ? 0 : _hi;</code>
            <hit count="4" name="&lt;unnamed&gt;"/>
        </line>
        <line hits="4">
            <code>    while (count &lt; 32 &amp;&amp; offset &lt; len) {</code>
            <hit count="4" name="&lt;unnamed&gt;"/>
        </line>
        <line hits="6">
            <code>      lo |= bytes.getUint8(offset) &lt;&lt; count;</code>
            <hit count="6" name="&lt;unnamed&gt;"/>
        </line>
        <line hits="2">
            <code>      count += 8;</code>
            <hit count="2" name="&lt;unnamed&gt;"/>
        </line>
        <line hits="2">
            <code>      offset++;</code>
            <hit count="2" name="&lt;unnamed&gt;"/>
        </line>
        <line>
            <code>    }</code>
        </line>
        <line hits="4">
            <code>    while (count &lt; 64 &amp;&amp; offset &lt; len) {</code>
            <hit count="4" name="&lt;unnamed&gt;"/>
        </line>
        <line hits="8">
            <code>      hi |= bytes.getUint8(offset) &lt;&lt; (count - 32);</code>
            <hit count="8" name="&lt;unnamed&gt;"/>
        </line>
        <line hits="2">
            <code>      count += 8;</code>
            <hit count="2" name="&lt;unnamed&gt;"/>
        </line>
        <line hits="2">
            <code>      offset++;</code>
            <hit count="2" name="&lt;unnamed&gt;"/>
        </line>
        <line>
            <code>    }</code>
        </line>
        <line hits="2">
            <code>    _hi = hi;</code>
            <hit count="2" name="&lt;unnamed&gt;"/>
        </line>
        <line hits="2">
            <code>    _lo = lo;</code>
            <hit count="2" name="&lt;unnamed&gt;"/>
        </line>
        <line hits="4">
            <code>    return count ~/ 8 - fromByte;</code>
            <hit count="4" name="&lt;unnamed&gt;"/>
        </line>
        <line>
            <code>  }</code>
        </line>
        <line>
            <code/>
        </line>
        <line hits="2">
            <code>  @override</code>
            <hit count="2" name="&lt;unnamed&gt;"/>
        </line>
        <line>
            <code>  void add(IUint64 other) {</code>
        </line>
        <line>
            <code>    other as Uint64_int;</code>
        </line>
        <line hits="6">
            <code>    final slo = _lo + other._lo;</code>
            <hit count="6" name="&lt;unnamed&gt;"/>
        </line>
        <line hits="10">
            <code>    final shi = _hi + other._hi + (slo ~/ _max32);</code>
            <hit count="10" name="&lt;unnamed&gt;"/>
        </line>
        <line hits="4">
            <code>    _lo = slo &amp; mask32;</code>
            <hit count="4" name="&lt;unnamed&gt;"/>
        </line>
        <line hits="4">
            <code>    _hi = shi &amp; mask32;</code>
            <hit count="4" name="&lt;unnamed&gt;"/>
        </line>
        <line>
            <code>  }</code>
        </line>
        <line>
            <code/>
        </line>
        <line>
            <code>  // decomposition of 2x 32-bit = 2x 24-bit + 1x 16-bit</code>
        </line>
        <line>
            <code>  // _lo | (_hi &lt;&lt; 32) = _lo24 | (_mid24 &lt;&lt; 24) | (_hi16 &lt;&lt; 48)</code>
        </line>
        <line>
            <code/>
        </line>
        <line>
            <code>  // 24 lower bits</code>
        </line>
        <line hits="4">
            <code>  static int _lo24(int lo) =&gt; lo &amp; 0x00FFFFFF;</code>
            <hit count="4" name="&lt;unnamed&gt;"/>
        </line>
        <line>
            <code>  // 24 middle bits</code>
        </line>
        <line hits="2">
            <code>  static int _mid24(int lo, int hi) =&gt;</code>
            <hit count="2" name="&lt;unnamed&gt;"/>
        </line>
        <line hits="10">
            <code>      ((hi &amp; 0x0000FFFF) &lt;&lt; 8) | ((lo &amp; 0xFF000000) &gt;&gt; 24);</code>
            <hit count="10" name="&lt;unnamed&gt;"/>
        </line>
        <line>
            <code>  // 16 higher bits</code>
        </line>
        <line hits="6">
            <code>  static int _hi16(int hi) =&gt; (hi &amp; 0xFFFF0000) &gt;&gt; 16;</code>
            <hit count="6" name="&lt;unnamed&gt;"/>
        </line>
        <line>
            <code/>
        </line>
        <line hits="2">
            <code>  @override</code>
            <hit count="2" name="&lt;unnamed&gt;"/>
        </line>
        <line>
            <code>  void mul(IUint64 other) {</code>
        </line>
        <line>
            <code>    other as Uint64_int;</code>
        </line>
        <line>
            <code/>
        </line>
        <line>
            <code>    // decomposing 2x 32-bit into 2x 24-bit + 1x 16-bit</code>
        </line>
        <line hits="8">
            <code>    final llo = _lo24(_lo), rlo = _lo24(other._lo);</code>
            <hit count="8" name="&lt;unnamed&gt;"/>
        </line>
        <line hits="12">
            <code>    final lmid = _mid24(_lo, _hi), rmid = _mid24(other._lo, other._hi);</code>
            <hit count="12" name="&lt;unnamed&gt;"/>
        </line>
        <line hits="8">
            <code>    final lhi = _hi16(_hi), rhi = _hi16(other._hi);</code>
            <hit count="8" name="&lt;unnamed&gt;"/>
        </line>
        <line>
            <code/>
        </line>
        <line>
            <code>    // on browser platforms, JavaScript ints are safe up to 2^53</code>
        </line>
        <line>
            <code>    // as a result:</code>
        </line>
        <line>
            <code>    // * multiplying 2 24-bit ints yields a safe 48-bit int</code>
        </line>
        <line>
            <code>    // * adding 2 48-bit ints yields a safe 49-bit int</code>
        </line>
        <line>
            <code/>
        </line>
        <line>
            <code>    // 64-bit multiplication</code>
        </line>
        <line>
            <code>    //   ( lhi &lt;&lt; 48 + lmid &lt;&lt; 24 + llo )</code>
        </line>
        <line>
            <code>    // * ( rhi &lt;&lt; 48 + rmid &lt;&lt; 24 + rlo )</code>
        </line>
        <line>
            <code>    // = ( /* discarded */ ) &lt;&lt; 96</code>
        </line>
        <line>
            <code>    // + ( /* discarded */ ) &lt;&lt; 72</code>
        </line>
        <line>
            <code>    // + ( lhi * rlo + lmid * rmid + llo * rhi ) &lt;&lt; 48</code>
        </line>
        <line>
            <code>    // + ( lmid * rlo + llo * rmid ) &lt;&lt; 24</code>
        </line>
        <line>
            <code>    // + ( llo * rlo )</code>
        </line>
        <line>
            <code/>
        </line>
        <line>
            <code>    // JavaScript enforces 32-bits for binary operations. Since we're possibly</code>
        </line>
        <line>
            <code>    // working with 50/51 bits, using "&gt;&gt;" would result in higher bits being</code>
        </line>
        <line>
            <code>    // lost. To workaround this limitation, we divide by _max24 = 0x01000000.</code>
        </line>
        <line>
            <code/>
        </line>
        <line>
            <code>    // 24 * 24 --&gt; 48 bits</code>
        </line>
        <line hits="2">
            <code>    final lo = llo * rlo;</code>
            <hit count="2" name="&lt;unnamed&gt;"/>
        </line>
        <line>
            <code>    // 24 * 24 + 24 * 24 + 48 / 24 --&gt; &lt;= 50 bits</code>
        </line>
        <line hits="10">
            <code>    final mid = lmid * rlo + llo * rmid + (lo ~/ _max24);</code>
            <hit count="10" name="&lt;unnamed&gt;"/>
        </line>
        <line>
            <code>    // 16 * 24 + 24 * 24 + 16 * 24 + 50 / 24 --&gt; &lt;= 51 bits</code>
        </line>
        <line hits="14">
            <code>    final hi = lhi * rlo + lmid * rmid + llo * rhi + (mid ~/ _max24);</code>
            <hit count="14" name="&lt;unnamed&gt;"/>
        </line>
        <line>
            <code/>
        </line>
        <line>
            <code>    // recomposing 2x 32-bit</code>
        </line>
        <line hits="10">
            <code>    _lo = (lo &amp; 0x00FFFFFF) | ((mid &amp; 0x000000FF) &lt;&lt; 24);</code>
            <hit count="10" name="&lt;unnamed&gt;"/>
        </line>
        <line hits="12">
            <code>    _hi = ((mid &amp; 0x00FFFF00) &gt;&gt; 8) | ((hi &amp; 0x0000FFFF) &lt;&lt; 16);</code>
            <hit count="12" name="&lt;unnamed&gt;"/>
        </line>
        <line>
            <code>  }</code>
        </line>
        <line>
            <code/>
        </line>
        <line hits="2">
            <code>  @override</code>
            <hit count="2" name="&lt;unnamed&gt;"/>
        </line>
        <line>
            <code>  void rotl(int n) {</code>
        </line>
        <line hits="2">
            <code>    n %= 64;</code>
            <hit count="2" name="&lt;unnamed&gt;"/>
        </line>
        <line hits="2">
            <code>    var lsh = 32 - n;</code>
            <hit count="2" name="&lt;unnamed&gt;"/>
        </line>
        <line hits="2">
            <code>    if (lsh &lt; 0) {</code>
            <hit count="2" name="&lt;unnamed&gt;"/>
        </line>
        <line hits="2">
            <code>      final tmp = _hi;</code>
            <hit count="2" name="&lt;unnamed&gt;"/>
        </line>
        <line hits="4">
            <code>      _hi = _lo;</code>
            <hit count="4" name="&lt;unnamed&gt;"/>
        </line>
        <line hits="2">
            <code>      _lo = tmp;</code>
            <hit count="2" name="&lt;unnamed&gt;"/>
        </line>
        <line hits="2">
            <code>      lsh += 32;</code>
            <hit count="2" name="&lt;unnamed&gt;"/>
        </line>
        <line hits="2">
            <code>      n -= 32;</code>
            <hit count="2" name="&lt;unnamed&gt;"/>
        </line>
        <line>
            <code>    }</code>
        </line>
        <line hits="4">
            <code>    final m = (mask32 &lt;&lt; lsh) &amp; mask32;</code>
            <hit count="4" name="&lt;unnamed&gt;"/>
        </line>
        <line hits="6">
            <code>    final hb = (_hi &amp; m) &gt;&gt; lsh;</code>
            <hit count="6" name="&lt;unnamed&gt;"/>
        </line>
        <line hits="6">
            <code>    final lb = (_lo &amp; m) &gt;&gt; lsh;</code>
            <hit count="6" name="&lt;unnamed&gt;"/>
        </line>
        <line hits="10">
            <code>    _hi = ((_hi &lt;&lt; n) | lb) &amp; mask32;</code>
            <hit count="10" name="&lt;unnamed&gt;"/>
        </line>
        <line hits="10">
            <code>    _lo = ((_lo &lt;&lt; n) | hb) &amp; mask32;</code>
            <hit count="10" name="&lt;unnamed&gt;"/>
        </line>
        <line>
            <code>  }</code>
        </line>
        <line>
            <code/>
        </line>
        <line hits="2">
            <code>  @override</code>
            <hit count="2" name="&lt;unnamed&gt;"/>
        </line>
        <line>
            <code>  void xor(IUint64 other) {</code>
        </line>
        <line>
            <code>    other as Uint64_int;</code>
        </line>
        <line hits="6">
            <code>    _lo ^= other._lo;</code>
            <hit count="6" name="&lt;unnamed&gt;"/>
        </line>
        <line hits="6">
            <code>    _hi ^= other._hi;</code>
            <hit count="6" name="&lt;unnamed&gt;"/>
        </line>
        <line>
            <code>  }</code>
        </line>
        <line>
            <code/>
        </line>
        <line hits="1">
            <code>  @override</code>
            <hit count="1" name="&lt;unnamed&gt;"/>
        </line>
        <line>
            <code>  void shl(int n) {</code>
        </line>
        <line hits="1">
            <code>    final lsh = 32 - n;</code>
            <hit count="1" name="&lt;unnamed&gt;"/>
        </line>
        <line hits="1">
            <code>    if (lsh &lt;= 0) {</code>
            <hit count="1" name="&lt;unnamed&gt;"/>
        </line>
        <line hits="5">
            <code>      _hi = (_lo &lt;&lt; -lsh) &amp; mask32;</code>
            <hit count="5" name="&lt;unnamed&gt;"/>
        </line>
        <line hits="1">
            <code>      _lo = 0;</code>
            <hit count="1" name="&lt;unnamed&gt;"/>
        </line>
        <line>
            <code>    } else {</code>
        </line>
        <line hits="2">
            <code>      final m = (mask32 &lt;&lt; lsh) &amp; mask32;</code>
            <hit count="2" name="&lt;unnamed&gt;"/>
        </line>
        <line hits="8">
            <code>      _hi = ((_hi &lt;&lt; n) | ((_lo &amp; m) &gt;&gt; lsh)) &amp; mask32;</code>
            <hit count="8" name="&lt;unnamed&gt;"/>
        </line>
        <line hits="4">
            <code>      _lo = (_lo &lt;&lt; n) &amp; mask32;</code>
            <hit count="4" name="&lt;unnamed&gt;"/>
        </line>
        <line>
            <code>    }</code>
        </line>
        <line>
            <code>  }</code>
        </line>
        <line>
            <code/>
        </line>
        <line hits="2">
            <code>  @override</code>
            <hit count="2" name="&lt;unnamed&gt;"/>
        </line>
        <line>
            <code>  void xshr(int n) {</code>
        </line>
        <line hits="2">
            <code>    final rsh = 32 - n;</code>
            <hit count="2" name="&lt;unnamed&gt;"/>
        </line>
        <line hits="2">
            <code>    if (rsh &lt;= 0) {</code>
            <hit count="2" name="&lt;unnamed&gt;"/>
        </line>
        <line hits="12">
            <code>      _lo ^= (_hi &gt;&gt; -rsh) &amp; mask32;</code>
            <hit count="12" name="&lt;unnamed&gt;"/>
        </line>
        <line>
            <code>    } else {</code>
        </line>
        <line hits="2">
            <code>      final m = (mask32 &gt;&gt; rsh) &amp; mask32;</code>
            <hit count="2" name="&lt;unnamed&gt;"/>
        </line>
        <line hits="9">
            <code>      _lo ^= ((_lo &gt;&gt; n) | ((_hi &amp; m) &lt;&lt; rsh)) &amp; mask32;</code>
            <hit count="9" name="&lt;unnamed&gt;"/>
        </line>
        <line hits="5">
            <code>      _hi ^= (_hi &gt;&gt; n) &amp; mask32;</code>
            <hit count="5" name="&lt;unnamed&gt;"/>
        </line>
        <line>
            <code>    }</code>
        </line>
        <line>
            <code>  }</code>
        </line>
        <line>
            <code>}</code>
        </line>
    </lines>
    <config branch-coverage="true" description-file="false" function-coverage="true" genhtml_hi_limit="90" genhtml_med_limit="75" legend="false" no-sort="false" no-source="false"/>
    <base href="../../"/>
    <base href="../../"/>
</coverage>
