<?xml version="1.0" encoding="UTF-8" standalone="no"?>
<?xml-stylesheet type="text/xsl" href="../../jgenhtml.xsl"?><coverage branch-rate="NaN" branches-covered="0" branches-valid="0" complexity="0" date="2023-01-01" filename="index" function-rate="NaN" functions-covered="0" functions-valid="0" line-rate="0.98062956" lines-covered="405" lines-valid="413" package="/lib/src" testname="lcov.info" version="1.5">
    <sources>
        <source branches-hit="0" branches-valid="0" filename="_murmur_context.dart" functions-hit="0" functions-valid="0" lines-hit="74" lines-valid="78" prefix="/_Projects/github/murmur3">
            <testCase branch-hit="0" function-hit="0" line-hit="74" name="&lt;unnamed&gt;"/>
        </source>
        <source branches-hit="0" branches-valid="0" filename="_uint64_bigint.dart" functions-hit="0" functions-valid="0" lines-hit="46" lines-valid="46" prefix="/_Projects/github/murmur3">
            <testCase branch-hit="0" function-hit="0" line-hit="46" name="&lt;unnamed&gt;"/>
        </source>
        <source branches-hit="0" branches-valid="0" filename="type_exception.dart" functions-hit="0" functions-valid="0" lines-hit="3" lines-valid="4" prefix="/_Projects/github/murmur3">
            <testCase branch-hit="0" function-hit="0" line-hit="3" name="&lt;unnamed&gt;"/>
        </source>
        <source branches-hit="0" branches-valid="0" filename="murmur_hash_v3.dart" functions-hit="0" functions-valid="0" lines-hit="17" lines-valid="17" prefix="/_Projects/github/murmur3">
            <testCase branch-hit="0" function-hit="0" line-hit="17" name="&lt;unnamed&gt;"/>
        </source>
        <source branches-hit="0" branches-valid="0" filename="_murmur_context_3a.dart" functions-hit="0" functions-valid="0" lines-hit="38" lines-valid="38" prefix="/_Projects/github/murmur3">
            <testCase branch-hit="0" function-hit="0" line-hit="38" name="&lt;unnamed&gt;"/>
        </source>
        <source branches-hit="0" branches-valid="0" filename="_uint32_int_48bit_mul.dart" functions-hit="0" functions-valid="0" lines-hit="34" lines-valid="34" prefix="/_Projects/github/murmur3">
            <testCase branch-hit="0" function-hit="0" line-hit="34" name="&lt;unnamed&gt;"/>
        </source>
        <source branches-hit="0" branches-valid="0" filename="_murmur_context_3f.dart" functions-hit="0" functions-valid="0" lines-hit="69" lines-valid="69" prefix="/_Projects/github/murmur3">
            <testCase branch-hit="0" function-hit="0" line-hit="69" name="&lt;unnamed&gt;"/>
        </source>
        <source branches-hit="0" branches-valid="0" filename="_uint32_int_64bit_mul.dart" functions-hit="0" functions-valid="0" lines-hit="26" lines-valid="29" prefix="/_Projects/github/murmur3">
            <testCase branch-hit="0" function-hit="0" line-hit="26" name="&lt;unnamed&gt;"/>
        </source>
        <source branches-hit="0" branches-valid="0" filename="_uint64_int.dart" functions-hit="0" functions-valid="0" lines-hit="98" lines-valid="98" prefix="/_Projects/github/murmur3">
            <testCase branch-hit="0" function-hit="0" line-hit="98" name="&lt;unnamed&gt;"/>
        </source>
    </sources>
    <config branch-coverage="true" description-file="false" function-coverage="true" genhtml_hi_limit="90" genhtml_med_limit="75" legend="false" no-sort="false" no-source="false"/>
    <base href="../../"/>
    <base href="../../"/>
</coverage>
