<?xml version="1.0" encoding="UTF-8" standalone="no"?>
<?xml-stylesheet type="text/xsl" href="../../jgenhtml.xsl"?><coverage branch-rate="NaN" branches-covered="0" branches-valid="0" complexity="0" date="2026-05-01" filename="type_exception.dart" function-rate="NaN" functions-covered="0" functions-valid="0" line-rate="1.0" lines-covered="3" lines-valid="3" package="/lib/src" testname="lcov.info" version="1.5">
    <lines>
        <line>
            <code>/// Exception thrown when the data type is not supported.</code>
        </line>
        <line>
            <code>class TypeException implements Exception {</code>
        </line>
        <line hits="1">
            <code>  TypeException([this.message = '']);</code>
            <hit count="1" name="&lt;unnamed&gt;"/>
        </line>
        <line>
            <code/>
        </line>
        <line>
            <code>  final String message;</code>
        </line>
        <line>
            <code/>
        </line>
        <line hits="1">
            <code>  @override</code>
            <hit count="1" name="&lt;unnamed&gt;"/>
        </line>
        <line>
            <code>  String toString() =&gt;</code>
        </line>
        <line hits="5">
            <code>      message.isEmpty ? runtimeType.toString() : '$runtimeType: $message';</code>
            <hit count="5" name="&lt;unnamed&gt;"/>
        </line>
        <line>
            <code>}</code>
        </line>
    </lines>
    <config branch-coverage="true" description-file="false" function-coverage="true" genhtml_hi_limit="90" genhtml_med_limit="75" legend="false" no-sort="false" no-source="false"/>
    <base href="../../"/>
    <base href="../../"/>
</coverage>
