<?xml version="1.0" encoding="UTF-8" standalone="no"?>
<?xml-stylesheet type="text/xsl" href="jgenhtml.xsl"?><coverage branch-rate="NaN" branches-covered="0" branches-valid="0" complexity="0" date="2026-05-01" filename="index" function-rate="NaN" functions-covered="0" functions-valid="0" line-rate="0.9292035" lines-covered="420" lines-valid="452" testname="lcov.info" version="1.5">
    <sources>
        <source branches-hit="0" branches-valid="0" functions-hit="0" functions-valid="0" lines-hit="0" lines-valid="4" pathname="/lib" prefix="/_Projects/github/murmur3"/>
        <source branches-hit="0" branches-valid="0" functions-hit="0" functions-valid="0" lines-hit="420" lines-valid="448" pathname="/lib/src" prefix="/_Projects/github/murmur3"/>
    </sources>
    <config branch-coverage="true" description-file="false" function-coverage="true" genhtml_hi_limit="90" genhtml_med_limit="75" legend="false" no-sort="false" no-source="false"/>
</coverage>
