SF:C:\_Projects\github\murmur3\lib\src\_murmur_context.dart
DA:19,1
DA:22,1
DA:44,1
DA:45,1
DA:47,1
DA:50,2
DA:54,1
DA:55,1
DA:56,1
DA:58,1
DA:59,1
DA:60,1
DA:61,1
DA:65,1
DA:68,3
DA:69,3
DA:70,3
DA:71,3
DA:72,3
DA:73,3
DA:74,3
DA:75,3
DA:76,3
DA:77,3
DA:78,3
DA:80,3
DA:83,2
DA:84,2
DA:85,2
DA:87,2
DA:90,3
DA:92,3
DA:93,3
DA:95,3
DA:96,3
DA:102,3
DA:103,0
DA:104,0
DA:105,0
DA:107,0
DA:110,3
DA:112,1
DA:113,1
DA:114,1
DA:116,1
DA:117,1
DA:118,1
DA:119,1
DA:120,1
DA:122,1
DA:124,1
DA:126,3
DA:127,3
DA:128,3
DA:129,2
DA:131,3
DA:132,3
DA:142,3
DA:143,3
DA:145,3
DA:146,3
DA:147,3
DA:148,3
DA:149,3
DA:150,3
DA:151,3
DA:152,3
DA:153,3
DA:156,2
DA:158,3
LF:70
LH:66
end_of_record
SF:C:\_Projects\github\murmur3\lib\src\_uint32_int_48bit_mul.dart
DA:13,1
DA:16,2
DA:20,4
DA:21,4
DA:22,4
DA:23,4
DA:25,4
DA:26,4
DA:27,4
DA:28,4
DA:29,4
DA:30,4
DA:32,4
DA:33,4
DA:36,2
DA:39,2
DA:40,2
DA:45,2
DA:48,2
DA:49,2
DA:52,2
DA:55,1
DA:58,2
DA:61,2
LF:24
LH:24
end_of_record
SF:C:\_Projects\github\murmur3\lib\src\_uint32_int_64bit_mul.dart
DA:12,2
DA:15,0
DA:19,0
DA:20,0
DA:21,0
DA:22,0
DA:24,0
DA:25,0
DA:26,0
DA:27,0
DA:28,0
DA:29,0
DA:31,0
DA:32,0
DA:35,0
DA:39,0
DA:42,0
DA:45,0
DA:48,0
DA:51,0
LF:20
LH:1
end_of_record
SF:C:\_Projects\github\murmur3\lib\src\type_exception.dart
DA:3,2
DA:8,0
DA:9,0
LF:3
LH:1
end_of_record
SF:C:\_Projects\github\murmur3\lib\src\murmur_hash_v3.dart
DA:23,2
DA:24,1
DA:25,1
DA:28,1
DA:44,2
DA:45,1
DA:46,1
DA:49,1
DA:60,1
LF:9
LH:9
end_of_record
SF:C:\_Projects\github\murmur3\lib\src\_murmur_context_3a.dart
DA:5,1
DA:6,1
DA:10,3
DA:12,3
DA:13,3
DA:17,3
DA:18,3
DA:19,3
DA:20,3
DA:21,3
DA:23,3
DA:27,3
DA:31,3
DA:32,3
DA:34,3
DA:35,3
DA:36,3
DA:44,3
DA:45,3
DA:47,3
DA:48,3
DA:53,3
DA:54,3
LF:23
LH:23
end_of_record
SF:C:\_Projects\github\murmur3\lib\src\murmur_hash_v3.dart
DA:18,1
DA:20,1
DA:23,1
DA:24,2
DA:25,1
DA:26,1
DA:27,1
DA:37,1
DA:40,1
DA:44,1
DA:45,2
DA:46,1
DA:47,1
DA:48,1
DA:60,2
LF:15
LH:15
end_of_record
SF:C:\_Projects\github\murmur3\lib\src\type_exception.dart
DA:3,2
DA:7,2
DA:9,8
LF:3
LH:3
end_of_record
SF:C:\_Projects\github\murmur3\lib\src\_murmur_context_3a.dart
DA:5,2
DA:6,3
DA:9,1
DA:10,2
DA:13,3
DA:17,3
DA:18,3
DA:19,3
DA:20,3
DA:21,3
DA:23,3
DA:25,1
DA:27,3
DA:29,1
DA:31,1
DA:32,2
DA:33,1
DA:34,2
DA:35,1
DA:36,2
DA:37,1
DA:38,2
DA:39,2
DA:42,1
DA:44,1
DA:45,2
DA:46,1
DA:47,2
DA:48,3
DA:51,1
DA:53,1
DA:54,4
DA:55,1
DA:56,2
DA:57,1
DA:58,2
DA:59,1
LF:37
LH:37
end_of_record
SF:C:\_Projects\github\murmur3\lib\src\_murmur_context.dart
DA:13,2
DA:40,2
DA:41,2
DA:42,2
DA:44,2
DA:45,2
DA:47,2
DA:53,2
DA:54,4
DA:55,2
DA:56,2
DA:58,2
DA:59,2
DA:60,2
DA:61,2
DA:65,8
DA:68,2
DA:70,2
DA:71,2
DA:73,2
DA:74,2
DA:75,4
DA:76,4
DA:77,2
DA:78,6
DA:79,2
DA:80,2
DA:84,2
DA:87,4
DA:92,2
DA:95,4
DA:96,2
DA:97,2
DA:99,2
DA:102,6
DA:104,0
DA:107,0
DA:112,2
DA:113,4
DA:116,3
DA:117,3
DA:119,3
DA:120,9
DA:122,9
DA:126,3
DA:127,6
DA:128,11
DA:129,4
DA:142,3
DA:145,3
DA:146,3
DA:147,3
DA:149,3
DA:150,3
DA:151,3
DA:152,6
DA:153,3
DA:156,6
LF:58
LH:56
end_of_record
SF:C:\_Projects\github\murmur3\lib\src\_murmur_context_3f.dart
DA:5,2
DA:6,3
DA:7,3
DA:10,1
DA:11,6
DA:15,3
DA:16,3
DA:20,3
DA:21,3
DA:22,3
DA:23,3
DA:24,3
DA:25,3
DA:27,3
DA:29,1
DA:32,2
DA:33,4
DA:34,6
DA:36,5
DA:41,1
DA:43,1
DA:44,2
DA:45,1
DA:46,2
DA:47,1
DA:48,2
DA:49,1
DA:50,2
DA:51,2
DA:52,2
DA:54,1
DA:55,2
DA:56,1
DA:57,2
DA:58,1
DA:59,2
DA:60,1
DA:61,2
DA:62,2
DA:63,2
DA:66,1
DA:68,1
DA:69,2
DA:70,1
DA:71,2
DA:72,3
DA:74,1
DA:75,2
DA:76,1
DA:77,2
DA:78,3
DA:81,1
DA:83,3
DA:84,2
DA:85,2
DA:86,3
DA:87,3
DA:88,2
DA:89,2
DA:90,3
DA:91,3
DA:94,1
DA:95,1
DA:96,2
DA:97,1
DA:98,2
DA:99,1
LF:67
LH:67
end_of_record
SF:C:\_Projects\github\murmur3\lib\src\_uint32_int_48bit_mul.dart
DA:11,2
DA:13,2
DA:15,1
DA:16,1
DA:19,1
DA:21,1
DA:22,1
DA:23,1
DA:25,1
DA:26,2
DA:27,4
DA:28,1
DA:29,1
DA:30,1
DA:35,1
DA:36,5
DA:38,1
DA:40,1
DA:45,4
DA:46,4
DA:48,4
DA:51,1
DA:52,8
DA:54,1
DA:55,4
DA:57,1
DA:58,3
DA:60,1
DA:61,4
LF:29
LH:29
end_of_record
SF:C:\_Projects\github\murmur3\lib\src\_uint32_int_64bit_mul.dart
DA:10,4
DA:12,4
DA:14,2
DA:15,2
DA:18,2
DA:20,2
DA:21,2
DA:22,2
DA:24,2
DA:25,4
DA:26,8
DA:27,2
DA:28,2
DA:29,2
DA:34,2
DA:35,10
DA:37,2
DA:39,10
DA:41,2
DA:42,16
DA:44,1
DA:45,4
DA:47,2
DA:48,6
DA:50,2
DA:51,8
LF:26
LH:26
end_of_record
SF:C:\_Projects\github\murmur3\lib\src\_uint64_bigint.dart
DA:6,3
DA:7,3
DA:8,3
DA:10,1
DA:11,6
DA:13,1
DA:14,1
DA:16,3
DA:18,1
DA:19,1
DA:22,1
DA:24,1
DA:26,1
DA:30,4
DA:31,5
DA:33,1
DA:34,1
DA:35,2
DA:36,3
DA:37,1
DA:38,1
DA:39,1
DA:43,1
DA:44,2
DA:45,2
DA:46,3
DA:47,1
DA:48,1
DA:49,1
DA:52,5
DA:56,1
DA:57,5
DA:59,1
DA:60,5
DA:62,1
DA:63,8
DA:65,1
DA:66,3
DA:68,1
DA:69,4
DA:71,1
DA:72,4
LF:42
LH:42
end_of_record
SF:C:\_Projects\github\murmur3\lib\src\_uint64_int.dart
DA:13,6
DA:14,6
DA:16,8
DA:17,10
DA:19,2
DA:20,2
DA:22,2
DA:23,1
DA:24,2
DA:25,4
DA:26,4
DA:29,2
DA:30,12
DA:34,2
DA:36,2
DA:37,2
DA:38,2
DA:39,2
DA:41,2
DA:42,2
DA:43,4
DA:44,8
DA:45,2
DA:46,2
DA:47,2
DA:51,2
DA:52,4
DA:53,4
DA:54,8
DA:55,2
DA:56,2
DA:57,2
DA:63,2
DA:66,6
DA:67,10
DA:68,4
DA:69,4
DA:76,6
DA:78,16
DA:80,8
DA:82,2
DA:87,6
DA:88,6
DA:109,2
DA:111,10
DA:113,14
DA:116,10
DA:117,12
DA:120,2
DA:122,2
DA:123,2
DA:124,2
DA:125,2
DA:126,4
DA:127,2
DA:128,2
DA:129,2
DA:131,4
DA:132,6
DA:133,6
DA:134,10
DA:135,10
DA:138,2
DA:141,6
DA:142,6
DA:145,1
DA:147,1
DA:148,1
DA:149,5
DA:150,1
DA:152,2
DA:153,8
DA:154,4
DA:158,2
DA:160,2
DA:161,2
DA:162,12
DA:164,2
DA:165,9
DA:166,5
LF:80
LH:80
end_of_record
SF:C:\_Projects\github\murmur3\lib\src\_uint64_bigint.dart
DA:6,2
DA:7,2
DA:8,2
DA:10,1
DA:11,1
DA:13,1
DA:14,1
DA:16,1
DA:19,1
DA:20,1
DA:23,1
DA:24,1
DA:26,1
DA:30,1
DA:31,1
DA:33,1
DA:34,1
DA:35,1
DA:36,1
DA:37,1
DA:38,1
DA:39,1
DA:44,1
DA:45,1
DA:46,1
DA:47,1
DA:48,1
DA:49,1
DA:52,1
DA:53,1
DA:54,1
DA:57,1
DA:60,1
DA:63,1
DA:66,1
DA:69,1
DA:72,1
LF:37
LH:37
end_of_record
SF:C:\_Projects\github\murmur3\lib\src\_uint64_int.dart
DA:13,2
DA:14,2
DA:16,3
DA:17,3
DA:19,3
DA:20,3
DA:24,3
DA:25,3
DA:26,3
DA:30,2
DA:35,3
DA:36,3
DA:37,3
DA:38,3
DA:39,3
DA:41,3
DA:42,3
DA:43,3
DA:44,3
DA:45,3
DA:46,3
DA:47,3
DA:52,3
DA:53,3
DA:54,3
DA:55,3
DA:56,3
DA:57,3
DA:60,3
DA:61,3
DA:64,2
DA:65,2
DA:66,2
DA:67,2
DA:68,2
DA:69,2
DA:70,2
DA:76,2
DA:78,2
DA:80,2
DA:83,2
DA:84,2
DA:87,2
DA:88,2
DA:109,2
DA:111,2
DA:113,2
DA:116,2
DA:117,2
DA:118,2
DA:121,2
DA:122,2
DA:123,2
DA:124,2
DA:125,2
DA:126,2
DA:127,2
DA:128,2
DA:129,2
DA:131,2
DA:132,2
DA:133,2
DA:134,2
DA:135,2
DA:136,2
DA:139,2
DA:140,2
DA:141,2
DA:142,2
DA:143,2
DA:146,1
DA:148,1
DA:149,1
DA:150,1
DA:152,1
DA:153,1
DA:154,1
DA:156,1
DA:159,3
DA:161,3
DA:162,3
DA:164,1
DA:165,1
DA:166,1
DA:168,3
LF:85
LH:85
end_of_record
SF:C:\_Projects\github\murmur3\lib\src\_murmur_context_3f.dart
DA:5,1
DA:6,1
DA:7,1
DA:11,2
DA:13,2
DA:14,2
DA:15,2
DA:16,2
DA:20,2
DA:21,2
DA:22,2
DA:23,2
DA:24,2
DA:25,2
DA:27,2
DA:32,2
DA:33,2
DA:34,2
DA:36,1
DA:43,2
DA:44,2
DA:46,2
DA:47,2
DA:48,2
DA:51,2
DA:54,2
DA:55,2
DA:57,2
DA:58,2
DA:59,2
DA:62,2
DA:68,2
DA:69,2
DA:71,2
DA:72,2
DA:74,2
DA:75,2
DA:77,2
DA:78,2
DA:83,2
DA:84,2
DA:85,2
DA:86,2
DA:87,2
DA:88,2
DA:89,2
DA:90,2
DA:91,2
DA:94,2
DA:99,2
LF:50
LH:50
end_of_record
